#-----------------------------------------------------------
# Vivado v2017.4 (64-bit)
# SW Build 2086221 on Fri Dec 15 20:55:39 MST 2017
# IP Build 2085800 on Fri Dec 15 22:25:07 MST 2017
# Start of session at: Wed Mar 21 09:43:15 2018
# Process ID: 6392
# Current directory: D:/demo_ax7035/demo_ax7035/13_1_sd_picture_hdmi/sd_picture_hdmi
# Command line: vivado.exe -gui_launcher_event rodinguilauncherevent6264 D:\demo_ax7035\demo_ax7035\13_1_sd_picture_hdmi\sd_picture_hdmi\sd_picture_hdmi.xpr
# Log file: D:/demo_ax7035/demo_ax7035/13_1_sd_picture_hdmi/sd_picture_hdmi/vivado.log
# Journal file: D:/demo_ax7035/demo_ax7035/13_1_sd_picture_hdmi/sd_picture_hdmi\vivado.jou
#-----------------------------------------------------------
start_gui
open_project D:/demo_ax7035/demo_ax7035/13_1_sd_picture_hdmi/sd_picture_hdmi/sd_picture_hdmi.xpr
Scanning sources...
Finished scanning sources
INFO: [IP_Flow 19-234] Refreshing IP repositories
INFO: [IP_Flow 19-1704] No user IP repositories specified
INFO: [IP_Flow 19-2313] Loaded Vivado IP repository 'C:/Xilinx/Vivado/2017.4/data/ip'.
open_project: Time (s): cpu = 00:00:14 ; elapsed = 00:00:10 . Memory (MB): peak = 836.980 ; gain = 138.871
update_compile_order -fileset sources_1
exit
INFO: [Common 17-206] Exiting Vivado at Wed Mar 21 13:48:10 2018...
