
*** Running vivado
    with args -log top.vds -m64 -product Vivado -mode batch -messageDb vivado.pb -notrace -source top.tcl


****** Vivado v2017.4 (64-bit)
  **** SW Build 2086221 on Fri Dec 15 20:55:39 MST 2017
  **** IP Build 2085800 on Fri Dec 15 22:25:07 MST 2017
    ** Copyright 1986-2017 Xilinx, Inc. All Rights Reserved.

source top.tcl -notrace
Command: synth_design -top top -part xc7a35tfgg484-1
Starting synth_design
Attempting to get a license for feature 'Synthesis' and/or device 'xc7a35t'
INFO: [Common 17-349] Got license for feature 'Synthesis' and/or device 'xc7a35t'
INFO: Launching helper process for spawning children vivado processes
INFO: Helper process launched with PID 11096 
---------------------------------------------------------------------------------
Starting RTL Elaboration : Time (s): cpu = 00:00:05 ; elapsed = 00:00:05 . Memory (MB): peak = 405.598 ; gain = 103.828
---------------------------------------------------------------------------------
INFO: [Synth 8-638] synthesizing module 'top' [D:/demo_ax7035/demo_ax7035/12_1_hdmi_char/hdmi_char/hdmi_char.srcs/sources_1/src/top.v:29]
INFO: [Synth 8-638] synthesizing module 'video_pll' [D:/demo_ax7035/demo_ax7035/12_1_hdmi_char/hdmi_char/hdmi_char.runs/synth_1/.Xil/Vivado-8480-ALINX000008-PC/realtime/video_pll_stub.v:5]
INFO: [Synth 8-256] done synthesizing module 'video_pll' (1#1) [D:/demo_ax7035/demo_ax7035/12_1_hdmi_char/hdmi_char/hdmi_char.runs/synth_1/.Xil/Vivado-8480-ALINX000008-PC/realtime/video_pll_stub.v:5]
INFO: [Synth 8-638] synthesizing module 'color_bar' [D:/demo_ax7035/demo_ax7035/12_1_hdmi_char/hdmi_char/hdmi_char.srcs/sources_1/src/color_bar.v:33]
	Parameter H_ACTIVE bound to: 16'b0000010000000000 
	Parameter H_FP bound to: 16'b0000000000011000 
	Parameter H_SYNC bound to: 16'b0000000010001000 
	Parameter H_BP bound to: 16'b0000000010100000 
	Parameter V_ACTIVE bound to: 16'b0000001100000000 
	Parameter V_FP bound to: 16'b0000000000000011 
	Parameter V_SYNC bound to: 16'b0000000000000110 
	Parameter V_BP bound to: 16'b0000000000011101 
	Parameter HS_POL bound to: 1'b0 
	Parameter VS_POL bound to: 1'b0 
	Parameter H_TOTAL bound to: 16'b0000010101000000 
	Parameter V_TOTAL bound to: 16'b0000001100100110 
	Parameter WHITE_R bound to: 8'b11111111 
	Parameter WHITE_G bound to: 8'b11111111 
	Parameter WHITE_B bound to: 8'b11111111 
	Parameter YELLOW_R bound to: 8'b11111111 
	Parameter YELLOW_G bound to: 8'b11111111 
	Parameter YELLOW_B bound to: 8'b00000000 
	Parameter CYAN_R bound to: 8'b00000000 
	Parameter CYAN_G bound to: 8'b11111111 
	Parameter CYAN_B bound to: 8'b11111111 
	Parameter GREEN_R bound to: 8'b00000000 
	Parameter GREEN_G bound to: 8'b11111111 
	Parameter GREEN_B bound to: 8'b00000000 
	Parameter MAGENTA_R bound to: 8'b11111111 
	Parameter MAGENTA_G bound to: 8'b00000000 
	Parameter MAGENTA_B bound to: 8'b11111111 
	Parameter RED_R bound to: 8'b11111111 
	Parameter RED_G bound to: 8'b00000000 
	Parameter RED_B bound to: 8'b00000000 
	Parameter BLUE_R bound to: 8'b00000000 
	Parameter BLUE_G bound to: 8'b00000000 
	Parameter BLUE_B bound to: 8'b11111111 
	Parameter BLACK_R bound to: 8'b00000000 
	Parameter BLACK_G bound to: 8'b00000000 
	Parameter BLACK_B bound to: 8'b00000000 
INFO: [Synth 8-256] done synthesizing module 'color_bar' (2#1) [D:/demo_ax7035/demo_ax7035/12_1_hdmi_char/hdmi_char/hdmi_char.srcs/sources_1/src/color_bar.v:33]
INFO: [Synth 8-638] synthesizing module 'rgb2dvi' [D:/demo_ax7035/demo_ax7035/12_1_hdmi_char/hdmi_char/src/rgb2dvi.vhd:89]
	Parameter kGenerateSerialClk bound to: 0 - type: bool 
	Parameter kClkPrimitive bound to: MMCM - type: string 
	Parameter kClkRange bound to: 1 - type: integer 
	Parameter kRstActiveHigh bound to: 1 - type: bool 
INFO: [Synth 8-638] synthesizing module 'ResetBridge' [D:/demo_ax7035/demo_ax7035/12_1_hdmi_char/hdmi_char/src/SyncAsyncReset.vhd:72]
	Parameter kPolarity bound to: 1'b1 
INFO: [Synth 8-5534] Detected attribute (* keep = "TRUE" *) [D:/demo_ax7035/demo_ax7035/12_1_hdmi_char/hdmi_char/src/SyncAsyncReset.vhd:73]
INFO: [Synth 8-638] synthesizing module 'SyncAsync' [D:/demo_ax7035/demo_ax7035/12_1_hdmi_char/hdmi_char/src/SyncAsync.vhd:72]
	Parameter kResetTo bound to: 1'b1 
	Parameter kStages bound to: 2 - type: integer 
INFO: [Synth 8-5534] Detected attribute (* async_reg = "TRUE" *) [D:/demo_ax7035/demo_ax7035/12_1_hdmi_char/hdmi_char/src/SyncAsync.vhd:73]
INFO: [Synth 8-256] done synthesizing module 'SyncAsync' (3#1) [D:/demo_ax7035/demo_ax7035/12_1_hdmi_char/hdmi_char/src/SyncAsync.vhd:72]
INFO: [Synth 8-256] done synthesizing module 'ResetBridge' (4#1) [D:/demo_ax7035/demo_ax7035/12_1_hdmi_char/hdmi_char/src/SyncAsyncReset.vhd:72]
INFO: [Synth 8-638] synthesizing module 'OutputSERDES' [D:/demo_ax7035/demo_ax7035/12_1_hdmi_char/hdmi_char/src/OutputSERDES.vhd:76]
	Parameter kParallelWidth bound to: 10 - type: integer 
	Parameter CAPACITANCE bound to: DONT_CARE - type: string 
	Parameter IOSTANDARD bound to: TMDS_33 - type: string 
	Parameter SLEW bound to: SLOW - type: string 
INFO: [Synth 8-113] binding component instance 'OutputBuffer' to cell 'OBUFDS' [D:/demo_ax7035/demo_ax7035/12_1_hdmi_char/hdmi_char/src/OutputSERDES.vhd:83]
	Parameter DATA_RATE_OQ bound to: DDR - type: string 
	Parameter DATA_RATE_TQ bound to: SDR - type: string 
	Parameter DATA_WIDTH bound to: 10 - type: integer 
	Parameter INIT_OQ bound to: 1'b0 
	Parameter INIT_TQ bound to: 1'b0 
	Parameter IS_CLKDIV_INVERTED bound to: 1'b0 
	Parameter IS_CLK_INVERTED bound to: 1'b0 
	Parameter IS_D1_INVERTED bound to: 1'b0 
	Parameter IS_D2_INVERTED bound to: 1'b0 
	Parameter IS_D3_INVERTED bound to: 1'b0 
	Parameter IS_D4_INVERTED bound to: 1'b0 
	Parameter IS_D5_INVERTED bound to: 1'b0 
	Parameter IS_D6_INVERTED bound to: 1'b0 
	Parameter IS_D7_INVERTED bound to: 1'b0 
	Parameter IS_D8_INVERTED bound to: 1'b0 
	Parameter IS_T1_INVERTED bound to: 1'b0 
	Parameter IS_T2_INVERTED bound to: 1'b0 
	Parameter IS_T3_INVERTED bound to: 1'b0 
	Parameter IS_T4_INVERTED bound to: 1'b0 
	Parameter SERDES_MODE bound to: MASTER - type: string 
	Parameter SRVAL_OQ bound to: 1'b0 
	Parameter SRVAL_TQ bound to: 1'b0 
	Parameter TBYTE_CTL bound to: FALSE - type: string 
	Parameter TBYTE_SRC bound to: FALSE - type: string 
	Parameter TRISTATE_WIDTH bound to: 1 - type: integer 
INFO: [Synth 8-113] binding component instance 'SerializerMaster' to cell 'OSERDESE2' [D:/demo_ax7035/demo_ax7035/12_1_hdmi_char/hdmi_char/src/OutputSERDES.vhd:92]
	Parameter DATA_RATE_OQ bound to: DDR - type: string 
	Parameter DATA_RATE_TQ bound to: SDR - type: string 
	Parameter DATA_WIDTH bound to: 10 - type: integer 
	Parameter INIT_OQ bound to: 1'b0 
	Parameter INIT_TQ bound to: 1'b0 
	Parameter IS_CLKDIV_INVERTED bound to: 1'b0 
	Parameter IS_CLK_INVERTED bound to: 1'b0 
	Parameter IS_D1_INVERTED bound to: 1'b0 
	Parameter IS_D2_INVERTED bound to: 1'b0 
	Parameter IS_D3_INVERTED bound to: 1'b0 
	Parameter IS_D4_INVERTED bound to: 1'b0 
	Parameter IS_D5_INVERTED bound to: 1'b0 
	Parameter IS_D6_INVERTED bound to: 1'b0 
	Parameter IS_D7_INVERTED bound to: 1'b0 
	Parameter IS_D8_INVERTED bound to: 1'b0 
	Parameter IS_T1_INVERTED bound to: 1'b0 
	Parameter IS_T2_INVERTED bound to: 1'b0 
	Parameter IS_T3_INVERTED bound to: 1'b0 
	Parameter IS_T4_INVERTED bound to: 1'b0 
	Parameter SERDES_MODE bound to: SLAVE - type: string 
	Parameter SRVAL_OQ bound to: 1'b0 
	Parameter SRVAL_TQ bound to: 1'b0 
	Parameter TBYTE_CTL bound to: FALSE - type: string 
	Parameter TBYTE_SRC bound to: FALSE - type: string 
	Parameter TRISTATE_WIDTH bound to: 1 - type: integer 
INFO: [Synth 8-113] binding component instance 'SerializerSlave' to cell 'OSERDESE2' [D:/demo_ax7035/demo_ax7035/12_1_hdmi_char/hdmi_char/src/OutputSERDES.vhd:135]
INFO: [Synth 8-256] done synthesizing module 'OutputSERDES' (5#1) [D:/demo_ax7035/demo_ax7035/12_1_hdmi_char/hdmi_char/src/OutputSERDES.vhd:76]
INFO: [Synth 8-638] synthesizing module 'TMDS_Encoder' [D:/demo_ax7035/demo_ax7035/12_1_hdmi_char/hdmi_char/src/TMDS_Encoder.vhd:80]
INFO: [Synth 8-256] done synthesizing module 'TMDS_Encoder' (6#1) [D:/demo_ax7035/demo_ax7035/12_1_hdmi_char/hdmi_char/src/TMDS_Encoder.vhd:80]
INFO: [Synth 8-256] done synthesizing module 'rgb2dvi' (7#1) [D:/demo_ax7035/demo_ax7035/12_1_hdmi_char/hdmi_char/src/rgb2dvi.vhd:89]
INFO: [Synth 8-638] synthesizing module 'osd_display' [D:/demo_ax7035/demo_ax7035/12_1_hdmi_char/hdmi_char/hdmi_char.srcs/sources_1/src/osd_display.v:29]
	Parameter OSD_WIDTH bound to: 12'b000010010000 
	Parameter OSD_HEGIHT bound to: 12'b000000100000 
INFO: [Synth 8-638] synthesizing module 'osd_rom' [D:/demo_ax7035/demo_ax7035/12_1_hdmi_char/hdmi_char/hdmi_char.runs/synth_1/.Xil/Vivado-8480-ALINX000008-PC/realtime/osd_rom_stub.v:6]
INFO: [Synth 8-256] done synthesizing module 'osd_rom' (8#1) [D:/demo_ax7035/demo_ax7035/12_1_hdmi_char/hdmi_char/hdmi_char.runs/synth_1/.Xil/Vivado-8480-ALINX000008-PC/realtime/osd_rom_stub.v:6]
WARNING: [Synth 8-689] width (13) of port connection 'addra' does not match port width (11) of module 'osd_rom' [D:/demo_ax7035/demo_ax7035/12_1_hdmi_char/hdmi_char/hdmi_char.srcs/sources_1/src/osd_display.v:127]
INFO: [Synth 8-638] synthesizing module 'timing_gen_xy' [D:/demo_ax7035/demo_ax7035/12_1_hdmi_char/hdmi_char/hdmi_char.srcs/sources_1/src/timing_gen_xy.v:29]
INFO: [Synth 8-256] done synthesizing module 'timing_gen_xy' (9#1) [D:/demo_ax7035/demo_ax7035/12_1_hdmi_char/hdmi_char/hdmi_char.srcs/sources_1/src/timing_gen_xy.v:29]
WARNING: [Synth 8-6014] Unused sequential element region_active_d1_reg was removed.  [D:/demo_ax7035/demo_ax7035/12_1_hdmi_char/hdmi_char/hdmi_char.srcs/sources_1/src/osd_display.v:84]
WARNING: [Synth 8-6014] Unused sequential element region_active_d2_reg was removed.  [D:/demo_ax7035/demo_ax7035/12_1_hdmi_char/hdmi_char/hdmi_char.srcs/sources_1/src/osd_display.v:85]
INFO: [Synth 8-256] done synthesizing module 'osd_display' (10#1) [D:/demo_ax7035/demo_ax7035/12_1_hdmi_char/hdmi_char/hdmi_char.srcs/sources_1/src/osd_display.v:29]
WARNING: [Synth 8-350] instance 'osd_display_m0' of module 'osd_display' requires 15 connections, but only 10 given [D:/demo_ax7035/demo_ax7035/12_1_hdmi_char/hdmi_char/hdmi_char.srcs/sources_1/src/top.v:118]
INFO: [Synth 8-256] done synthesizing module 'top' (11#1) [D:/demo_ax7035/demo_ax7035/12_1_hdmi_char/hdmi_char/hdmi_char.srcs/sources_1/src/top.v:29]
WARNING: [Synth 8-3917] design top has port HDMI_OEN[0] driven by constant 1
WARNING: [Synth 8-3331] design osd_display has unconnected port wave_color[23]
WARNING: [Synth 8-3331] design osd_display has unconnected port wave_color[22]
WARNING: [Synth 8-3331] design osd_display has unconnected port wave_color[21]
WARNING: [Synth 8-3331] design osd_display has unconnected port wave_color[20]
WARNING: [Synth 8-3331] design osd_display has unconnected port wave_color[19]
WARNING: [Synth 8-3331] design osd_display has unconnected port wave_color[18]
WARNING: [Synth 8-3331] design osd_display has unconnected port wave_color[17]
WARNING: [Synth 8-3331] design osd_display has unconnected port wave_color[16]
WARNING: [Synth 8-3331] design osd_display has unconnected port wave_color[15]
WARNING: [Synth 8-3331] design osd_display has unconnected port wave_color[14]
WARNING: [Synth 8-3331] design osd_display has unconnected port wave_color[13]
WARNING: [Synth 8-3331] design osd_display has unconnected port wave_color[12]
WARNING: [Synth 8-3331] design osd_display has unconnected port wave_color[11]
WARNING: [Synth 8-3331] design osd_display has unconnected port wave_color[10]
WARNING: [Synth 8-3331] design osd_display has unconnected port wave_color[9]
WARNING: [Synth 8-3331] design osd_display has unconnected port wave_color[8]
WARNING: [Synth 8-3331] design osd_display has unconnected port wave_color[7]
WARNING: [Synth 8-3331] design osd_display has unconnected port wave_color[6]
WARNING: [Synth 8-3331] design osd_display has unconnected port wave_color[5]
WARNING: [Synth 8-3331] design osd_display has unconnected port wave_color[4]
WARNING: [Synth 8-3331] design osd_display has unconnected port wave_color[3]
WARNING: [Synth 8-3331] design osd_display has unconnected port wave_color[2]
WARNING: [Synth 8-3331] design osd_display has unconnected port wave_color[1]
WARNING: [Synth 8-3331] design osd_display has unconnected port wave_color[0]
WARNING: [Synth 8-3331] design osd_display has unconnected port adc_clk
WARNING: [Synth 8-3331] design osd_display has unconnected port adc_buf_wr
WARNING: [Synth 8-3331] design osd_display has unconnected port adc_buf_addr[11]
WARNING: [Synth 8-3331] design osd_display has unconnected port adc_buf_addr[10]
WARNING: [Synth 8-3331] design osd_display has unconnected port adc_buf_addr[9]
WARNING: [Synth 8-3331] design osd_display has unconnected port adc_buf_addr[8]
WARNING: [Synth 8-3331] design osd_display has unconnected port adc_buf_addr[7]
WARNING: [Synth 8-3331] design osd_display has unconnected port adc_buf_addr[6]
WARNING: [Synth 8-3331] design osd_display has unconnected port adc_buf_addr[5]
WARNING: [Synth 8-3331] design osd_display has unconnected port adc_buf_addr[4]
WARNING: [Synth 8-3331] design osd_display has unconnected port adc_buf_addr[3]
WARNING: [Synth 8-3331] design osd_display has unconnected port adc_buf_addr[2]
WARNING: [Synth 8-3331] design osd_display has unconnected port adc_buf_addr[1]
WARNING: [Synth 8-3331] design osd_display has unconnected port adc_buf_addr[0]
WARNING: [Synth 8-3331] design osd_display has unconnected port adc_buf_data[7]
WARNING: [Synth 8-3331] design osd_display has unconnected port adc_buf_data[6]
WARNING: [Synth 8-3331] design osd_display has unconnected port adc_buf_data[5]
WARNING: [Synth 8-3331] design osd_display has unconnected port adc_buf_data[4]
WARNING: [Synth 8-3331] design osd_display has unconnected port adc_buf_data[3]
WARNING: [Synth 8-3331] design osd_display has unconnected port adc_buf_data[2]
WARNING: [Synth 8-3331] design osd_display has unconnected port adc_buf_data[1]
WARNING: [Synth 8-3331] design osd_display has unconnected port adc_buf_data[0]
WARNING: [Synth 8-3331] design TMDS_Encoder has unconnected port SerialClk
WARNING: [Synth 8-3331] design TMDS_Encoder has unconnected port aRst
WARNING: [Synth 8-3331] design rgb2dvi has unconnected port aRst_n
---------------------------------------------------------------------------------
Finished RTL Elaboration : Time (s): cpu = 00:00:06 ; elapsed = 00:00:06 . Memory (MB): peak = 453.000 ; gain = 151.230
---------------------------------------------------------------------------------

Report Check Netlist: 
+------+------------------+-------+---------+-------+------------------+
|      |Item              |Errors |Warnings |Status |Description       |
+------+------------------+-------+---------+-------+------------------+
|1     |multi_driven_nets |      0|        0|Passed |Multi driven nets |
+------+------------------+-------+---------+-------+------------------+
---------------------------------------------------------------------------------
Finished RTL Optimization Phase 1 : Time (s): cpu = 00:00:06 ; elapsed = 00:00:06 . Memory (MB): peak = 453.000 ; gain = 151.230
---------------------------------------------------------------------------------
INFO: [Netlist 29-17] Analyzing 4 Unisim elements for replacement
INFO: [Netlist 29-28] Unisim Transformation completed in 0 CPU seconds
INFO: [Device 21-403] Loading part xc7a35tfgg484-1
INFO: [Project 1-570] Preparing netlist for logic optimization

Processing XDC Constraints
Initializing timing engine
Parsing XDC File [D:/demo_ax7035/demo_ax7035/12_1_hdmi_char/hdmi_char/hdmi_char.runs/synth_1/.Xil/Vivado-8480-ALINX000008-PC/dcp2/video_pll_in_context.xdc] for cell 'video_pll_m0'
Finished Parsing XDC File [D:/demo_ax7035/demo_ax7035/12_1_hdmi_char/hdmi_char/hdmi_char.runs/synth_1/.Xil/Vivado-8480-ALINX000008-PC/dcp2/video_pll_in_context.xdc] for cell 'video_pll_m0'
Parsing XDC File [D:/demo_ax7035/demo_ax7035/12_1_hdmi_char/hdmi_char/hdmi_char.runs/synth_1/.Xil/Vivado-8480-ALINX000008-PC/dcp3/osd_rom_in_context.xdc] for cell 'osd_display_m0/osd_rom_m0'
Finished Parsing XDC File [D:/demo_ax7035/demo_ax7035/12_1_hdmi_char/hdmi_char/hdmi_char.runs/synth_1/.Xil/Vivado-8480-ALINX000008-PC/dcp3/osd_rom_in_context.xdc] for cell 'osd_display_m0/osd_rom_m0'
Parsing XDC File [D:/demo_ax7035/demo_ax7035/12_1_hdmi_char/hdmi_char/hdmi_char.srcs/constrs_1/new/top.xdc]
Finished Parsing XDC File [D:/demo_ax7035/demo_ax7035/12_1_hdmi_char/hdmi_char/hdmi_char.srcs/constrs_1/new/top.xdc]
INFO: [Project 1-236] Implementation specific constraints were found while reading constraint file [D:/demo_ax7035/demo_ax7035/12_1_hdmi_char/hdmi_char/hdmi_char.srcs/constrs_1/new/top.xdc]. These constraints will be ignored for synthesis but will be used in implementation. Impacted constraints are listed in the file [.Xil/top_propImpl.xdc].
Resolution: To avoid this warning, move constraints listed in [.Xil/top_propImpl.xdc] to another XDC file and exclude this new file from synthesis with the used_in_synthesis property (File Properties dialog in GUI) and re-run elaboration/synthesis.
Completed Processing XDC Constraints

INFO: [Project 1-111] Unisim Transformation Summary:
No Unisim elements were transformed.

Constraint Validation Runtime : Time (s): cpu = 00:00:00 ; elapsed = 00:00:00.008 . Memory (MB): peak = 787.320 ; gain = 0.000
WARNING: [Timing 38-316] Clock period '20.000' specified during out-of-context synthesis of instance 'osd_display_m0/osd_rom_m0' at clock pin 'clka' is different from the actual clock period '15.385', this can lead to different synthesis results.
---------------------------------------------------------------------------------
Finished Constraint Validation : Time (s): cpu = 00:00:17 ; elapsed = 00:00:19 . Memory (MB): peak = 787.320 ; gain = 485.551
---------------------------------------------------------------------------------
---------------------------------------------------------------------------------
Start Loading Part and Timing Information
---------------------------------------------------------------------------------
Loading part: xc7a35tfgg484-1
---------------------------------------------------------------------------------
Finished Loading Part and Timing Information : Time (s): cpu = 00:00:17 ; elapsed = 00:00:19 . Memory (MB): peak = 787.320 ; gain = 485.551
---------------------------------------------------------------------------------
---------------------------------------------------------------------------------
Start Applying 'set_property' XDC Constraints
---------------------------------------------------------------------------------
Applied set_property DONT_TOUCH = true for osd_display_m0/osd_rom_m0. (constraint file  auto generated constraint, line ).
Applied set_property DONT_TOUCH = true for video_pll_m0. (constraint file  auto generated constraint, line ).
---------------------------------------------------------------------------------
Finished applying 'set_property' XDC Constraints : Time (s): cpu = 00:00:17 ; elapsed = 00:00:19 . Memory (MB): peak = 787.320 ; gain = 485.551
---------------------------------------------------------------------------------
INFO: [Synth 8-5546] ROM "v_cnt" won't be mapped to RAM because it is too sparse
INFO: [Synth 8-5546] ROM "h_active" won't be mapped to RAM because it is too sparse
INFO: [Synth 8-41] '+' operator could not be merged with '+' operator due to loss of accuracy [D:/demo_ax7035/demo_ax7035/12_1_hdmi_char/hdmi_char/src/TMDS_Encoder.vhd:96]
INFO: [Synth 8-41] '+' operator could not be merged with '+' operator due to loss of accuracy [D:/demo_ax7035/demo_ax7035/12_1_hdmi_char/hdmi_char/src/TMDS_Encoder.vhd:96]
INFO: [Synth 8-41] '+' operator could not be merged with '+' operator due to loss of accuracy [D:/demo_ax7035/demo_ax7035/12_1_hdmi_char/hdmi_char/src/TMDS_Encoder.vhd:96]
INFO: [Synth 8-41] '+' operator could not be merged with '+' operator due to loss of accuracy [D:/demo_ax7035/demo_ax7035/12_1_hdmi_char/hdmi_char/src/TMDS_Encoder.vhd:96]
WARNING: [Synth 8-6014] Unused sequential element x_cnt_reg was removed.  [D:/demo_ax7035/demo_ax7035/12_1_hdmi_char/hdmi_char/hdmi_char.srcs/sources_1/src/timing_gen_xy.v:75]
WARNING: [Synth 8-6014] Unused sequential element y_cnt_reg was removed.  [D:/demo_ax7035/demo_ax7035/12_1_hdmi_char/hdmi_char/hdmi_char.srcs/sources_1/src/timing_gen_xy.v:84]
WARNING: [Synth 8-6014] Unused sequential element osd_x_reg was removed.  [D:/demo_ax7035/demo_ax7035/12_1_hdmi_char/hdmi_char/hdmi_char.srcs/sources_1/src/osd_display.v:99]
WARNING: [Synth 8-6014] Unused sequential element osd_ram_addr_reg was removed.  [D:/demo_ax7035/demo_ax7035/12_1_hdmi_char/hdmi_char/hdmi_char.srcs/sources_1/src/osd_display.v:107]
---------------------------------------------------------------------------------
Finished RTL Optimization Phase 2 : Time (s): cpu = 00:00:18 ; elapsed = 00:00:19 . Memory (MB): peak = 787.320 ; gain = 485.551
---------------------------------------------------------------------------------

Report RTL Partitions: 
+-+--------------+------------+----------+
| |RTL Partition |Replication |Instances |
+-+--------------+------------+----------+
+-+--------------+------------+----------+
---------------------------------------------------------------------------------
Start RTL Component Statistics 
---------------------------------------------------------------------------------
Detailed RTL Component Info : 
+---Adders : 
	   2 Input     12 Bit       Adders := 3     
	   3 Input      5 Bit       Adders := 9     
	   4 Input      5 Bit       Adders := 3     
	   2 Input      5 Bit       Adders := 3     
	   8 Input      4 Bit       Adders := 6     
	   2 Input      4 Bit       Adders := 3     
+---XORs : 
	   2 Input      1 Bit         XORs := 42    
+---Registers : 
	               24 Bit    Registers := 3     
	               12 Bit    Registers := 3     
	               10 Bit    Registers := 3     
	                9 Bit    Registers := 3     
	                8 Bit    Registers := 6     
	                5 Bit    Registers := 3     
	                4 Bit    Registers := 9     
	                2 Bit    Registers := 1     
	                1 Bit    Registers := 35    
+---Muxes : 
	   2 Input     12 Bit        Muxes := 2     
	   4 Input     10 Bit        Muxes := 3     
	   2 Input     10 Bit        Muxes := 9     
	   2 Input      9 Bit        Muxes := 3     
	   8 Input      8 Bit        Muxes := 1     
	   6 Input      8 Bit        Muxes := 1     
	   9 Input      8 Bit        Muxes := 1     
	   2 Input      5 Bit        Muxes := 9     
	   3 Input      1 Bit        Muxes := 2     
	   2 Input      1 Bit        Muxes := 8     
	  10 Input      1 Bit        Muxes := 1     
---------------------------------------------------------------------------------
Finished RTL Component Statistics 
---------------------------------------------------------------------------------
---------------------------------------------------------------------------------
Start RTL Hierarchical Component Statistics 
---------------------------------------------------------------------------------
Hierarchical RTL Component report 
Module color_bar 
Detailed RTL Component Info : 
+---Adders : 
	   2 Input     12 Bit       Adders := 3     
+---Registers : 
	               12 Bit    Registers := 3     
	                8 Bit    Registers := 3     
	                1 Bit    Registers := 7     
+---Muxes : 
	   2 Input     12 Bit        Muxes := 2     
	   8 Input      8 Bit        Muxes := 1     
	   6 Input      8 Bit        Muxes := 1     
	   9 Input      8 Bit        Muxes := 1     
	   3 Input      1 Bit        Muxes := 2     
	   2 Input      1 Bit        Muxes := 7     
	  10 Input      1 Bit        Muxes := 1     
Module SyncAsync 
Detailed RTL Component Info : 
+---Registers : 
	                2 Bit    Registers := 1     
Module TMDS_Encoder 
Detailed RTL Component Info : 
+---Adders : 
	   3 Input      5 Bit       Adders := 3     
	   4 Input      5 Bit       Adders := 1     
	   2 Input      5 Bit       Adders := 1     
	   8 Input      4 Bit       Adders := 2     
	   2 Input      4 Bit       Adders := 1     
+---XORs : 
	   2 Input      1 Bit         XORs := 14    
+---Registers : 
	               10 Bit    Registers := 1     
	                9 Bit    Registers := 1     
	                8 Bit    Registers := 1     
	                5 Bit    Registers := 1     
	                4 Bit    Registers := 3     
	                1 Bit    Registers := 6     
+---Muxes : 
	   4 Input     10 Bit        Muxes := 1     
	   2 Input     10 Bit        Muxes := 3     
	   2 Input      9 Bit        Muxes := 1     
	   2 Input      5 Bit        Muxes := 3     
Module timing_gen_xy 
Detailed RTL Component Info : 
+---Registers : 
	               24 Bit    Registers := 2     
	                1 Bit    Registers := 6     
+---Muxes : 
	   2 Input      1 Bit        Muxes := 1     
Module osd_display 
Detailed RTL Component Info : 
+---Registers : 
	               24 Bit    Registers := 1     
	                1 Bit    Registers := 4     
---------------------------------------------------------------------------------
Finished RTL Hierarchical Component Statistics
---------------------------------------------------------------------------------
---------------------------------------------------------------------------------
Start Part Resource Summary
---------------------------------------------------------------------------------
Part Resources:
DSPs: 90 (col length:60)
BRAMs: 100 (col length: RAMB18 60 RAMB36 30)
---------------------------------------------------------------------------------
Finished Part Resource Summary
---------------------------------------------------------------------------------
---------------------------------------------------------------------------------
Start Cross Boundary and Area Optimization
---------------------------------------------------------------------------------
INFO: [Synth 8-4471] merging register 'rgb2dvi_m0/DataEncoders[1].DataEncoder/pC1_1_reg' into 'rgb2dvi_m0/DataEncoders[1].DataEncoder/pC0_1_reg' [D:/demo_ax7035/demo_ax7035/12_1_hdmi_char/hdmi_char/src/TMDS_Encoder.vhd:115]
INFO: [Synth 8-4471] merging register 'rgb2dvi_m0/DataEncoders[1].DataEncoder/pC1_2_reg' into 'rgb2dvi_m0/DataEncoders[1].DataEncoder/pC0_2_reg' [D:/demo_ax7035/demo_ax7035/12_1_hdmi_char/hdmi_char/src/TMDS_Encoder.vhd:149]
INFO: [Synth 8-4471] merging register 'rgb2dvi_m0/DataEncoders[1].DataEncoder/pVde_1_reg' into 'rgb2dvi_m0/DataEncoders[0].DataEncoder/pVde_1_reg' [D:/demo_ax7035/demo_ax7035/12_1_hdmi_char/hdmi_char/src/TMDS_Encoder.vhd:110]
INFO: [Synth 8-4471] merging register 'rgb2dvi_m0/DataEncoders[1].DataEncoder/pVde_2_reg' into 'rgb2dvi_m0/DataEncoders[0].DataEncoder/pVde_2_reg' [D:/demo_ax7035/demo_ax7035/12_1_hdmi_char/hdmi_char/src/TMDS_Encoder.vhd:150]
INFO: [Synth 8-4471] merging register 'rgb2dvi_m0/DataEncoders[2].DataEncoder/pC0_1_reg' into 'rgb2dvi_m0/DataEncoders[1].DataEncoder/pC0_1_reg' [D:/demo_ax7035/demo_ax7035/12_1_hdmi_char/hdmi_char/src/TMDS_Encoder.vhd:114]
INFO: [Synth 8-4471] merging register 'rgb2dvi_m0/DataEncoders[2].DataEncoder/pC0_2_reg' into 'rgb2dvi_m0/DataEncoders[1].DataEncoder/pC0_2_reg' [D:/demo_ax7035/demo_ax7035/12_1_hdmi_char/hdmi_char/src/TMDS_Encoder.vhd:148]
INFO: [Synth 8-4471] merging register 'rgb2dvi_m0/DataEncoders[2].DataEncoder/pC1_1_reg' into 'rgb2dvi_m0/DataEncoders[1].DataEncoder/pC0_1_reg' [D:/demo_ax7035/demo_ax7035/12_1_hdmi_char/hdmi_char/src/TMDS_Encoder.vhd:115]
INFO: [Synth 8-4471] merging register 'rgb2dvi_m0/DataEncoders[2].DataEncoder/pC1_2_reg' into 'rgb2dvi_m0/DataEncoders[1].DataEncoder/pC0_2_reg' [D:/demo_ax7035/demo_ax7035/12_1_hdmi_char/hdmi_char/src/TMDS_Encoder.vhd:149]
INFO: [Synth 8-4471] merging register 'rgb2dvi_m0/DataEncoders[2].DataEncoder/pVde_1_reg' into 'rgb2dvi_m0/DataEncoders[0].DataEncoder/pVde_1_reg' [D:/demo_ax7035/demo_ax7035/12_1_hdmi_char/hdmi_char/src/TMDS_Encoder.vhd:110]
INFO: [Synth 8-4471] merging register 'rgb2dvi_m0/DataEncoders[2].DataEncoder/pVde_2_reg' into 'rgb2dvi_m0/DataEncoders[0].DataEncoder/pVde_2_reg' [D:/demo_ax7035/demo_ax7035/12_1_hdmi_char/hdmi_char/src/TMDS_Encoder.vhd:150]
INFO: [Synth 8-4471] merging register 'rgb2dvi_m0/DataEncoders[0].DataEncoder/pC1_1_reg' into 'osd_display_m0/pos_vs_d0_reg' [D:/demo_ax7035/demo_ax7035/12_1_hdmi_char/hdmi_char/src/TMDS_Encoder.vhd:115]
INFO: [Synth 8-4471] merging register 'osd_display_m0/pos_vs_d1_reg' into 'rgb2dvi_m0/DataEncoders[0].DataEncoder/pC1_2_reg' [D:/demo_ax7035/demo_ax7035/12_1_hdmi_char/hdmi_char/hdmi_char.srcs/sources_1/src/osd_display.v:91]
WARNING: [Synth 8-6014] Unused sequential element rgb2dvi_m0/DataEncoders[0].DataEncoder/pC1_1_reg was removed.  [D:/demo_ax7035/demo_ax7035/12_1_hdmi_char/hdmi_char/src/TMDS_Encoder.vhd:115]
WARNING: [Synth 8-6014] Unused sequential element rgb2dvi_m0/DataEncoders[1].DataEncoder/pC1_1_reg was removed.  [D:/demo_ax7035/demo_ax7035/12_1_hdmi_char/hdmi_char/src/TMDS_Encoder.vhd:115]
WARNING: [Synth 8-6014] Unused sequential element rgb2dvi_m0/DataEncoders[1].DataEncoder/pC1_2_reg was removed.  [D:/demo_ax7035/demo_ax7035/12_1_hdmi_char/hdmi_char/src/TMDS_Encoder.vhd:149]
WARNING: [Synth 8-6014] Unused sequential element rgb2dvi_m0/DataEncoders[1].DataEncoder/pVde_1_reg was removed.  [D:/demo_ax7035/demo_ax7035/12_1_hdmi_char/hdmi_char/src/TMDS_Encoder.vhd:110]
WARNING: [Synth 8-6014] Unused sequential element rgb2dvi_m0/DataEncoders[1].DataEncoder/pVde_2_reg was removed.  [D:/demo_ax7035/demo_ax7035/12_1_hdmi_char/hdmi_char/src/TMDS_Encoder.vhd:150]
WARNING: [Synth 8-6014] Unused sequential element rgb2dvi_m0/DataEncoders[2].DataEncoder/pC0_1_reg was removed.  [D:/demo_ax7035/demo_ax7035/12_1_hdmi_char/hdmi_char/src/TMDS_Encoder.vhd:114]
WARNING: [Synth 8-6014] Unused sequential element rgb2dvi_m0/DataEncoders[2].DataEncoder/pC0_2_reg was removed.  [D:/demo_ax7035/demo_ax7035/12_1_hdmi_char/hdmi_char/src/TMDS_Encoder.vhd:148]
WARNING: [Synth 8-6014] Unused sequential element rgb2dvi_m0/DataEncoders[2].DataEncoder/pC1_1_reg was removed.  [D:/demo_ax7035/demo_ax7035/12_1_hdmi_char/hdmi_char/src/TMDS_Encoder.vhd:115]
WARNING: [Synth 8-6014] Unused sequential element rgb2dvi_m0/DataEncoders[2].DataEncoder/pC1_2_reg was removed.  [D:/demo_ax7035/demo_ax7035/12_1_hdmi_char/hdmi_char/src/TMDS_Encoder.vhd:149]
WARNING: [Synth 8-6014] Unused sequential element rgb2dvi_m0/DataEncoders[2].DataEncoder/pVde_1_reg was removed.  [D:/demo_ax7035/demo_ax7035/12_1_hdmi_char/hdmi_char/src/TMDS_Encoder.vhd:110]
WARNING: [Synth 8-6014] Unused sequential element rgb2dvi_m0/DataEncoders[2].DataEncoder/pVde_2_reg was removed.  [D:/demo_ax7035/demo_ax7035/12_1_hdmi_char/hdmi_char/src/TMDS_Encoder.vhd:150]
WARNING: [Synth 8-6014] Unused sequential element osd_display_m0/pos_vs_d1_reg was removed.  [D:/demo_ax7035/demo_ax7035/12_1_hdmi_char/hdmi_char/hdmi_char.srcs/sources_1/src/osd_display.v:91]
INFO: [Synth 8-5546] ROM "p_0_out" won't be mapped to RAM because it is too sparse
INFO: [Synth 8-5546] ROM "color_bar_m0/v_cnt" won't be mapped to RAM because it is too sparse
INFO: [Synth 8-5546] ROM "p_0_out" won't be mapped to RAM because it is too sparse
INFO: [Synth 8-5546] ROM "color_bar_m0/h_active" won't be mapped to RAM because it is too sparse
WARNING: [Synth 8-6014] Unused sequential element osd_display_m0/timing_gen_xy_m0/x_cnt_reg was removed.  [D:/demo_ax7035/demo_ax7035/12_1_hdmi_char/hdmi_char/hdmi_char.srcs/sources_1/src/timing_gen_xy.v:75]
WARNING: [Synth 8-6014] Unused sequential element osd_display_m0/timing_gen_xy_m0/y_cnt_reg was removed.  [D:/demo_ax7035/demo_ax7035/12_1_hdmi_char/hdmi_char/hdmi_char.srcs/sources_1/src/timing_gen_xy.v:84]
WARNING: [Synth 8-6014] Unused sequential element osd_display_m0/osd_x_reg was removed.  [D:/demo_ax7035/demo_ax7035/12_1_hdmi_char/hdmi_char/hdmi_char.srcs/sources_1/src/osd_display.v:99]
WARNING: [Synth 8-6014] Unused sequential element osd_display_m0/osd_ram_addr_reg was removed.  [D:/demo_ax7035/demo_ax7035/12_1_hdmi_char/hdmi_char/hdmi_char.srcs/sources_1/src/osd_display.v:107]
WARNING: [Synth 8-3917] design top has port HDMI_OEN[0] driven by constant 1
INFO: [Synth 8-3886] merging instance 'color_bar_m0/rgb_b_reg_reg[1]' (FDCE) to 'color_bar_m0/rgb_b_reg_reg[0]'
INFO: [Synth 8-3886] merging instance 'color_bar_m0/rgb_b_reg_reg[2]' (FDCE) to 'color_bar_m0/rgb_b_reg_reg[0]'
INFO: [Synth 8-3886] merging instance 'color_bar_m0/rgb_b_reg_reg[3]' (FDCE) to 'color_bar_m0/rgb_b_reg_reg[0]'
INFO: [Synth 8-3886] merging instance 'color_bar_m0/rgb_b_reg_reg[7]' (FDCE) to 'color_bar_m0/rgb_b_reg_reg[0]'
INFO: [Synth 8-3886] merging instance 'color_bar_m0/rgb_b_reg_reg[0]' (FDCE) to 'color_bar_m0/rgb_b_reg_reg[4]'
INFO: [Synth 8-3886] merging instance 'color_bar_m0/rgb_b_reg_reg[4]' (FDCE) to 'color_bar_m0/rgb_b_reg_reg[5]'
INFO: [Synth 8-3886] merging instance 'color_bar_m0/rgb_b_reg_reg[5]' (FDCE) to 'color_bar_m0/rgb_b_reg_reg[6]'
INFO: [Synth 8-3886] merging instance 'color_bar_m0/rgb_g_reg_reg[1]' (FDCE) to 'color_bar_m0/rgb_g_reg_reg[0]'
INFO: [Synth 8-3886] merging instance 'color_bar_m0/rgb_g_reg_reg[2]' (FDCE) to 'color_bar_m0/rgb_g_reg_reg[0]'
INFO: [Synth 8-3886] merging instance 'color_bar_m0/rgb_g_reg_reg[3]' (FDCE) to 'color_bar_m0/rgb_g_reg_reg[0]'
INFO: [Synth 8-3886] merging instance 'color_bar_m0/rgb_g_reg_reg[7]' (FDCE) to 'color_bar_m0/rgb_g_reg_reg[0]'
INFO: [Synth 8-3886] merging instance 'color_bar_m0/rgb_g_reg_reg[0]' (FDCE) to 'color_bar_m0/rgb_g_reg_reg[4]'
INFO: [Synth 8-3886] merging instance 'color_bar_m0/rgb_g_reg_reg[4]' (FDCE) to 'color_bar_m0/rgb_g_reg_reg[5]'
INFO: [Synth 8-3886] merging instance 'color_bar_m0/rgb_g_reg_reg[5]' (FDCE) to 'color_bar_m0/rgb_g_reg_reg[6]'
INFO: [Synth 8-3886] merging instance 'color_bar_m0/rgb_r_reg_reg[1]' (FDCE) to 'color_bar_m0/rgb_r_reg_reg[0]'
INFO: [Synth 8-3886] merging instance 'color_bar_m0/rgb_r_reg_reg[2]' (FDCE) to 'color_bar_m0/rgb_r_reg_reg[0]'
INFO: [Synth 8-3886] merging instance 'color_bar_m0/rgb_r_reg_reg[3]' (FDCE) to 'color_bar_m0/rgb_r_reg_reg[0]'
INFO: [Synth 8-3886] merging instance 'color_bar_m0/rgb_r_reg_reg[7]' (FDCE) to 'color_bar_m0/rgb_r_reg_reg[0]'
INFO: [Synth 8-3886] merging instance 'color_bar_m0/rgb_r_reg_reg[0]' (FDCE) to 'color_bar_m0/rgb_r_reg_reg[4]'
INFO: [Synth 8-3886] merging instance 'color_bar_m0/rgb_r_reg_reg[4]' (FDCE) to 'color_bar_m0/rgb_r_reg_reg[5]'
INFO: [Synth 8-3886] merging instance 'color_bar_m0/rgb_r_reg_reg[5]' (FDCE) to 'color_bar_m0/rgb_r_reg_reg[6]'
INFO: [Synth 8-3886] merging instance 'osd_display_m0/timing_gen_xy_m0/i_data_d0_reg[1]' (FD) to 'osd_display_m0/timing_gen_xy_m0/i_data_d0_reg[5]'
INFO: [Synth 8-3886] merging instance 'osd_display_m0/timing_gen_xy_m0/i_data_d0_reg[2]' (FD) to 'osd_display_m0/timing_gen_xy_m0/i_data_d0_reg[5]'
INFO: [Synth 8-3886] merging instance 'osd_display_m0/timing_gen_xy_m0/i_data_d0_reg[3]' (FD) to 'osd_display_m0/timing_gen_xy_m0/i_data_d0_reg[5]'
INFO: [Synth 8-3886] merging instance 'osd_display_m0/timing_gen_xy_m0/i_data_d0_reg[7]' (FD) to 'osd_display_m0/timing_gen_xy_m0/i_data_d0_reg[5]'
INFO: [Synth 8-3886] merging instance 'osd_display_m0/timing_gen_xy_m0/i_data_d0_reg[0]' (FD) to 'osd_display_m0/timing_gen_xy_m0/i_data_d0_reg[5]'
INFO: [Synth 8-3886] merging instance 'osd_display_m0/timing_gen_xy_m0/i_data_d0_reg[4]' (FD) to 'osd_display_m0/timing_gen_xy_m0/i_data_d0_reg[5]'
INFO: [Synth 8-3886] merging instance 'osd_display_m0/timing_gen_xy_m0/i_data_d0_reg[5]' (FD) to 'osd_display_m0/timing_gen_xy_m0/i_data_d0_reg[6]'
INFO: [Synth 8-3886] merging instance 'osd_display_m0/timing_gen_xy_m0/i_data_d0_reg[9]' (FD) to 'osd_display_m0/timing_gen_xy_m0/i_data_d0_reg[13]'
INFO: [Synth 8-3886] merging instance 'osd_display_m0/timing_gen_xy_m0/i_data_d0_reg[10]' (FD) to 'osd_display_m0/timing_gen_xy_m0/i_data_d0_reg[13]'
INFO: [Synth 8-3886] merging instance 'osd_display_m0/timing_gen_xy_m0/i_data_d0_reg[11]' (FD) to 'osd_display_m0/timing_gen_xy_m0/i_data_d0_reg[13]'
INFO: [Synth 8-3886] merging instance 'osd_display_m0/timing_gen_xy_m0/i_data_d0_reg[15]' (FD) to 'osd_display_m0/timing_gen_xy_m0/i_data_d0_reg[13]'
INFO: [Synth 8-3886] merging instance 'osd_display_m0/timing_gen_xy_m0/i_data_d0_reg[8]' (FD) to 'osd_display_m0/timing_gen_xy_m0/i_data_d0_reg[13]'
INFO: [Synth 8-3886] merging instance 'osd_display_m0/timing_gen_xy_m0/i_data_d0_reg[12]' (FD) to 'osd_display_m0/timing_gen_xy_m0/i_data_d0_reg[13]'
INFO: [Synth 8-3886] merging instance 'osd_display_m0/timing_gen_xy_m0/i_data_d0_reg[13]' (FD) to 'osd_display_m0/timing_gen_xy_m0/i_data_d0_reg[14]'
INFO: [Synth 8-3886] merging instance 'osd_display_m0/timing_gen_xy_m0/i_data_d0_reg[17]' (FD) to 'osd_display_m0/timing_gen_xy_m0/i_data_d0_reg[21]'
INFO: [Synth 8-3886] merging instance 'osd_display_m0/timing_gen_xy_m0/i_data_d0_reg[18]' (FD) to 'osd_display_m0/timing_gen_xy_m0/i_data_d0_reg[21]'
INFO: [Synth 8-3886] merging instance 'osd_display_m0/timing_gen_xy_m0/i_data_d0_reg[19]' (FD) to 'osd_display_m0/timing_gen_xy_m0/i_data_d0_reg[21]'
INFO: [Synth 8-3886] merging instance 'osd_display_m0/timing_gen_xy_m0/i_data_d0_reg[23]' (FD) to 'osd_display_m0/timing_gen_xy_m0/i_data_d0_reg[21]'
INFO: [Synth 8-3886] merging instance 'osd_display_m0/timing_gen_xy_m0/i_data_d0_reg[16]' (FD) to 'osd_display_m0/timing_gen_xy_m0/i_data_d0_reg[21]'
INFO: [Synth 8-3886] merging instance 'osd_display_m0/timing_gen_xy_m0/i_data_d0_reg[20]' (FD) to 'osd_display_m0/timing_gen_xy_m0/i_data_d0_reg[21]'
INFO: [Synth 8-3886] merging instance 'osd_display_m0/timing_gen_xy_m0/i_data_d0_reg[21]' (FD) to 'osd_display_m0/timing_gen_xy_m0/i_data_d0_reg[22]'
INFO: [Synth 8-3886] merging instance 'osd_display_m0/timing_gen_xy_m0/i_data_d1_reg[1]' (FD) to 'osd_display_m0/timing_gen_xy_m0/i_data_d1_reg[5]'
INFO: [Synth 8-3886] merging instance 'osd_display_m0/timing_gen_xy_m0/i_data_d1_reg[2]' (FD) to 'osd_display_m0/timing_gen_xy_m0/i_data_d1_reg[5]'
INFO: [Synth 8-3886] merging instance 'osd_display_m0/timing_gen_xy_m0/i_data_d1_reg[3]' (FD) to 'osd_display_m0/timing_gen_xy_m0/i_data_d1_reg[5]'
INFO: [Synth 8-3886] merging instance 'osd_display_m0/timing_gen_xy_m0/i_data_d1_reg[7]' (FD) to 'osd_display_m0/timing_gen_xy_m0/i_data_d1_reg[5]'
INFO: [Synth 8-3886] merging instance 'osd_display_m0/timing_gen_xy_m0/i_data_d1_reg[0]' (FD) to 'osd_display_m0/timing_gen_xy_m0/i_data_d1_reg[5]'
INFO: [Synth 8-3886] merging instance 'osd_display_m0/timing_gen_xy_m0/i_data_d1_reg[4]' (FD) to 'osd_display_m0/timing_gen_xy_m0/i_data_d1_reg[5]'
INFO: [Synth 8-3886] merging instance 'osd_display_m0/timing_gen_xy_m0/i_data_d1_reg[5]' (FD) to 'osd_display_m0/timing_gen_xy_m0/i_data_d1_reg[6]'
INFO: [Synth 8-3886] merging instance 'osd_display_m0/timing_gen_xy_m0/i_data_d1_reg[9]' (FD) to 'osd_display_m0/timing_gen_xy_m0/i_data_d1_reg[13]'
INFO: [Synth 8-3886] merging instance 'osd_display_m0/timing_gen_xy_m0/i_data_d1_reg[10]' (FD) to 'osd_display_m0/timing_gen_xy_m0/i_data_d1_reg[13]'
INFO: [Synth 8-3886] merging instance 'osd_display_m0/timing_gen_xy_m0/i_data_d1_reg[11]' (FD) to 'osd_display_m0/timing_gen_xy_m0/i_data_d1_reg[13]'
INFO: [Synth 8-3886] merging instance 'osd_display_m0/timing_gen_xy_m0/i_data_d1_reg[15]' (FD) to 'osd_display_m0/timing_gen_xy_m0/i_data_d1_reg[13]'
INFO: [Synth 8-3886] merging instance 'osd_display_m0/timing_gen_xy_m0/i_data_d1_reg[8]' (FD) to 'osd_display_m0/timing_gen_xy_m0/i_data_d1_reg[13]'
INFO: [Synth 8-3886] merging instance 'osd_display_m0/timing_gen_xy_m0/i_data_d1_reg[12]' (FD) to 'osd_display_m0/timing_gen_xy_m0/i_data_d1_reg[13]'
INFO: [Synth 8-3886] merging instance 'osd_display_m0/timing_gen_xy_m0/i_data_d1_reg[13]' (FD) to 'osd_display_m0/timing_gen_xy_m0/i_data_d1_reg[14]'
INFO: [Synth 8-3886] merging instance 'osd_display_m0/timing_gen_xy_m0/i_data_d1_reg[17]' (FD) to 'osd_display_m0/timing_gen_xy_m0/i_data_d1_reg[21]'
INFO: [Synth 8-3886] merging instance 'osd_display_m0/timing_gen_xy_m0/i_data_d1_reg[18]' (FD) to 'osd_display_m0/timing_gen_xy_m0/i_data_d1_reg[21]'
INFO: [Synth 8-3886] merging instance 'osd_display_m0/timing_gen_xy_m0/i_data_d1_reg[19]' (FD) to 'osd_display_m0/timing_gen_xy_m0/i_data_d1_reg[21]'
INFO: [Synth 8-3886] merging instance 'osd_display_m0/timing_gen_xy_m0/i_data_d1_reg[23]' (FD) to 'osd_display_m0/timing_gen_xy_m0/i_data_d1_reg[21]'
INFO: [Synth 8-3886] merging instance 'osd_display_m0/timing_gen_xy_m0/i_data_d1_reg[16]' (FD) to 'osd_display_m0/timing_gen_xy_m0/i_data_d1_reg[21]'
INFO: [Synth 8-3886] merging instance 'osd_display_m0/timing_gen_xy_m0/i_data_d1_reg[20]' (FD) to 'osd_display_m0/timing_gen_xy_m0/i_data_d1_reg[21]'
INFO: [Synth 8-3886] merging instance 'osd_display_m0/timing_gen_xy_m0/i_data_d1_reg[21]' (FD) to 'osd_display_m0/timing_gen_xy_m0/i_data_d1_reg[22]'
INFO: [Synth 8-3886] merging instance 'osd_display_m0/v_data_reg[1]' (FDR) to 'osd_display_m0/v_data_reg[0]'
INFO: [Synth 8-3886] merging instance 'osd_display_m0/v_data_reg[2]' (FDR) to 'osd_display_m0/v_data_reg[0]'
INFO: [Synth 8-3886] merging instance 'osd_display_m0/v_data_reg[3]' (FDR) to 'osd_display_m0/v_data_reg[0]'
INFO: [Synth 8-3886] merging instance 'osd_display_m0/v_data_reg[7]' (FDR) to 'osd_display_m0/v_data_reg[0]'
INFO: [Synth 8-3886] merging instance 'osd_display_m0/v_data_reg[0]' (FDR) to 'osd_display_m0/v_data_reg[4]'
INFO: [Synth 8-3886] merging instance 'osd_display_m0/v_data_reg[4]' (FDR) to 'osd_display_m0/v_data_reg[5]'
INFO: [Synth 8-3886] merging instance 'osd_display_m0/v_data_reg[5]' (FDR) to 'osd_display_m0/v_data_reg[6]'
INFO: [Synth 8-3886] merging instance 'osd_display_m0/v_data_reg[9]' (FDR) to 'osd_display_m0/v_data_reg[8]'
INFO: [Synth 8-3886] merging instance 'osd_display_m0/v_data_reg[10]' (FDR) to 'osd_display_m0/v_data_reg[8]'
INFO: [Synth 8-3886] merging instance 'osd_display_m0/v_data_reg[11]' (FDR) to 'osd_display_m0/v_data_reg[8]'
INFO: [Synth 8-3886] merging instance 'osd_display_m0/v_data_reg[15]' (FDR) to 'osd_display_m0/v_data_reg[8]'
INFO: [Synth 8-3886] merging instance 'osd_display_m0/v_data_reg[8]' (FDR) to 'osd_display_m0/v_data_reg[12]'
INFO: [Synth 8-3886] merging instance 'osd_display_m0/v_data_reg[12]' (FDR) to 'osd_display_m0/v_data_reg[13]'
INFO: [Synth 8-3886] merging instance 'osd_display_m0/v_data_reg[13]' (FDR) to 'osd_display_m0/v_data_reg[14]'
INFO: [Synth 8-3886] merging instance 'osd_display_m0/v_data_reg[17]' (FDS) to 'osd_display_m0/v_data_reg[16]'
INFO: [Synth 8-3886] merging instance 'osd_display_m0/v_data_reg[18]' (FDS) to 'osd_display_m0/v_data_reg[16]'
INFO: [Synth 8-3886] merging instance 'osd_display_m0/v_data_reg[19]' (FDS) to 'osd_display_m0/v_data_reg[16]'
INFO: [Synth 8-3886] merging instance 'osd_display_m0/v_data_reg[23]' (FDS) to 'osd_display_m0/v_data_reg[16]'
INFO: [Synth 8-3886] merging instance 'osd_display_m0/v_data_reg[16]' (FDS) to 'osd_display_m0/v_data_reg[20]'
INFO: [Synth 8-3886] merging instance 'osd_display_m0/v_data_reg[20]' (FDS) to 'osd_display_m0/v_data_reg[21]'
INFO: [Synth 8-3886] merging instance 'osd_display_m0/v_data_reg[21]' (FDS) to 'osd_display_m0/v_data_reg[22]'
INFO: [Synth 8-3886] merging instance 'rgb2dvi_m0/DataEncoders[0].DataEncoder/n0q_m_2_reg[0]' (FD) to 'rgb2dvi_m0/DataEncoders[0].DataEncoder/n1q_m_2_reg[0]'
INFO: [Synth 8-3886] merging instance 'rgb2dvi_m0/DataEncoders[0].DataEncoder/pDataOut_1_reg[7]' (FD) to 'rgb2dvi_m0/DataEncoders[0].DataEncoder/pDataOut_1_reg[5]'
INFO: [Synth 8-3886] merging instance 'rgb2dvi_m0/DataEncoders[0].DataEncoder/pDataOut_1_reg[6]' (FD) to 'rgb2dvi_m0/DataEncoders[0].DataEncoder/pDataOut_1_reg[5]'
INFO: [Synth 8-3886] merging instance 'rgb2dvi_m0/DataEncoders[0].DataEncoder/pDataOut_1_reg[1]' (FD) to 'rgb2dvi_m0/DataEncoders[0].DataEncoder/pDataOut_1_reg[5]'
INFO: [Synth 8-3886] merging instance 'rgb2dvi_m0/DataEncoders[0].DataEncoder/pDataOut_1_reg[2]' (FD) to 'rgb2dvi_m0/DataEncoders[0].DataEncoder/pDataOut_1_reg[5]'
INFO: [Synth 8-3886] merging instance 'rgb2dvi_m0/DataEncoders[0].DataEncoder/pDataOut_1_reg[3]' (FD) to 'rgb2dvi_m0/DataEncoders[0].DataEncoder/pDataOut_1_reg[5]'
INFO: [Synth 8-3886] merging instance 'rgb2dvi_m0/DataEncoders[0].DataEncoder/pDataOut_1_reg[4]' (FD) to 'rgb2dvi_m0/DataEncoders[0].DataEncoder/pDataOut_1_reg[5]'
INFO: [Synth 8-3886] merging instance 'rgb2dvi_m0/DataEncoders[0].DataEncoder/pDataOut_1_reg[5]' (FD) to 'rgb2dvi_m0/DataEncoders[0].DataEncoder/pDataOut_1_reg[0]'
INFO: [Synth 8-3886] merging instance 'rgb2dvi_m0/DataEncoders[1].DataEncoder/n0q_m_2_reg[0]' (FD) to 'rgb2dvi_m0/DataEncoders[1].DataEncoder/n1q_m_2_reg[0]'
INFO: [Synth 8-3886] merging instance 'rgb2dvi_m0/DataEncoders[1].DataEncoder/pDataOut_1_reg[7]' (FD) to 'rgb2dvi_m0/DataEncoders[1].DataEncoder/pDataOut_1_reg[5]'
INFO: [Synth 8-3886] merging instance 'rgb2dvi_m0/DataEncoders[1].DataEncoder/pDataOut_1_reg[6]' (FD) to 'rgb2dvi_m0/DataEncoders[1].DataEncoder/pDataOut_1_reg[5]'
INFO: [Synth 8-3886] merging instance 'rgb2dvi_m0/DataEncoders[1].DataEncoder/pDataOut_1_reg[1]' (FD) to 'rgb2dvi_m0/DataEncoders[1].DataEncoder/pDataOut_1_reg[5]'
INFO: [Synth 8-3886] merging instance 'rgb2dvi_m0/DataEncoders[1].DataEncoder/pDataOut_1_reg[2]' (FD) to 'rgb2dvi_m0/DataEncoders[1].DataEncoder/pDataOut_1_reg[5]'
INFO: [Synth 8-3886] merging instance 'rgb2dvi_m0/DataEncoders[1].DataEncoder/pDataOut_1_reg[3]' (FD) to 'rgb2dvi_m0/DataEncoders[1].DataEncoder/pDataOut_1_reg[5]'
INFO: [Synth 8-3886] merging instance 'rgb2dvi_m0/DataEncoders[1].DataEncoder/pDataOut_1_reg[4]' (FD) to 'rgb2dvi_m0/DataEncoders[1].DataEncoder/pDataOut_1_reg[5]'
INFO: [Synth 8-3886] merging instance 'rgb2dvi_m0/DataEncoders[1].DataEncoder/pDataOut_1_reg[5]' (FD) to 'rgb2dvi_m0/DataEncoders[1].DataEncoder/pDataOut_1_reg[0]'
INFO: [Common 17-14] Message 'Synth 8-3886' appears 100 times and further instances of the messages will be disabled. Use the Tcl command set_msg_config to change the current settings.
INFO: [Synth 8-3333] propagating constant 0 across sequential element (\rgb2dvi_m0/DataEncoders[1].DataEncoder/pC0_1_reg )
INFO: [Synth 8-3333] propagating constant 0 across sequential element (\rgb2dvi_m0/DataEncoders[1].DataEncoder/pC0_1_reg )
INFO: [Synth 8-3333] propagating constant 0 across sequential element (\rgb2dvi_m0/DataEncoders[2].DataEncoder/n1q_m_2_reg[2] )
WARNING: [Synth 8-3332] Sequential element (rgb2dvi_m0/DataEncoders[0].DataEncoder/cnt_t_3_reg[0]) is unused and will be removed from module top.
WARNING: [Synth 8-3332] Sequential element (rgb2dvi_m0/DataEncoders[1].DataEncoder/cnt_t_3_reg[0]) is unused and will be removed from module top.
WARNING: [Synth 8-3332] Sequential element (rgb2dvi_m0/DataEncoders[2].DataEncoder/cnt_t_3_reg[0]) is unused and will be removed from module top.
WARNING: [Synth 8-3332] Sequential element (osd_display_m0/osd_x_reg[3]) is unused and will be removed from module top.
WARNING: [Synth 8-3332] Sequential element (osd_display_m0/osd_x_reg[4]) is unused and will be removed from module top.
WARNING: [Synth 8-3332] Sequential element (osd_display_m0/osd_x_reg[5]) is unused and will be removed from module top.
WARNING: [Synth 8-3332] Sequential element (osd_display_m0/osd_x_reg[6]) is unused and will be removed from module top.
WARNING: [Synth 8-3332] Sequential element (osd_display_m0/osd_x_reg[7]) is unused and will be removed from module top.
WARNING: [Synth 8-3332] Sequential element (osd_display_m0/osd_x_reg[8]) is unused and will be removed from module top.
WARNING: [Synth 8-3332] Sequential element (osd_display_m0/osd_x_reg[9]) is unused and will be removed from module top.
WARNING: [Synth 8-3332] Sequential element (osd_display_m0/osd_x_reg[10]) is unused and will be removed from module top.
WARNING: [Synth 8-3332] Sequential element (osd_display_m0/osd_x_reg[11]) is unused and will be removed from module top.
WARNING: [Synth 8-3332] Sequential element (osd_display_m0/osd_ram_addr_reg[14]) is unused and will be removed from module top.
WARNING: [Synth 8-3332] Sequential element (osd_display_m0/osd_ram_addr_reg[15]) is unused and will be removed from module top.
WARNING: [Synth 8-3332] Sequential element (rgb2dvi_m0/DataEncoders[2].DataEncoder/n1q_m_2_reg[2]) is unused and will be removed from module top.
---------------------------------------------------------------------------------
Finished Cross Boundary and Area Optimization : Time (s): cpu = 00:00:19 ; elapsed = 00:00:21 . Memory (MB): peak = 787.320 ; gain = 485.551
---------------------------------------------------------------------------------

Report RTL Partitions: 
+-+--------------+------------+----------+
| |RTL Partition |Replication |Instances |
+-+--------------+------------+----------+
+-+--------------+------------+----------+
---------------------------------------------------------------------------------
Start Applying XDC Timing Constraints
---------------------------------------------------------------------------------
INFO: [Synth 8-5578] Moved timing constraint from pin 'video_pll_m0/clk_out1' to pin 'video_pll_m0/bbstub_clk_out1/O'
INFO: [Synth 8-5578] Moved timing constraint from pin 'video_pll_m0/clk_out2' to pin 'video_pll_m0/bbstub_clk_out2/O'
INFO: [Synth 8-5819] Moved 2 constraints on hierarchical pins to their respective driving/loading pins
---------------------------------------------------------------------------------
Finished Applying XDC Timing Constraints : Time (s): cpu = 00:00:28 ; elapsed = 00:00:30 . Memory (MB): peak = 787.855 ; gain = 486.086
---------------------------------------------------------------------------------
---------------------------------------------------------------------------------
Start Timing Optimization
---------------------------------------------------------------------------------
---------------------------------------------------------------------------------
Finished Timing Optimization : Time (s): cpu = 00:00:28 ; elapsed = 00:00:30 . Memory (MB): peak = 809.145 ; gain = 507.375
---------------------------------------------------------------------------------

Report RTL Partitions: 
+-+--------------+------------+----------+
| |RTL Partition |Replication |Instances |
+-+--------------+------------+----------+
+-+--------------+------------+----------+
---------------------------------------------------------------------------------
Start Technology Mapping
---------------------------------------------------------------------------------
---------------------------------------------------------------------------------
Finished Technology Mapping : Time (s): cpu = 00:00:29 ; elapsed = 00:00:31 . Memory (MB): peak = 812.531 ; gain = 510.762
---------------------------------------------------------------------------------

Report RTL Partitions: 
+-+--------------+------------+----------+
| |RTL Partition |Replication |Instances |
+-+--------------+------------+----------+
+-+--------------+------------+----------+
---------------------------------------------------------------------------------
Start IO Insertion
---------------------------------------------------------------------------------
---------------------------------------------------------------------------------
Start Flattening Before IO Insertion
---------------------------------------------------------------------------------
---------------------------------------------------------------------------------
Finished Flattening Before IO Insertion
---------------------------------------------------------------------------------
---------------------------------------------------------------------------------
Start Final Netlist Cleanup
---------------------------------------------------------------------------------
---------------------------------------------------------------------------------
Finished Final Netlist Cleanup
---------------------------------------------------------------------------------
---------------------------------------------------------------------------------
Finished IO Insertion : Time (s): cpu = 00:00:29 ; elapsed = 00:00:31 . Memory (MB): peak = 812.531 ; gain = 510.762
---------------------------------------------------------------------------------

Report Check Netlist: 
+------+------------------+-------+---------+-------+------------------+
|      |Item              |Errors |Warnings |Status |Description       |
+------+------------------+-------+---------+-------+------------------+
|1     |multi_driven_nets |      0|        0|Passed |Multi driven nets |
+------+------------------+-------+---------+-------+------------------+
---------------------------------------------------------------------------------
Start Renaming Generated Instances
---------------------------------------------------------------------------------
---------------------------------------------------------------------------------
Finished Renaming Generated Instances : Time (s): cpu = 00:00:29 ; elapsed = 00:00:31 . Memory (MB): peak = 812.531 ; gain = 510.762
---------------------------------------------------------------------------------

Report RTL Partitions: 
+-+--------------+------------+----------+
| |RTL Partition |Replication |Instances |
+-+--------------+------------+----------+
+-+--------------+------------+----------+
---------------------------------------------------------------------------------
Start Rebuilding User Hierarchy
---------------------------------------------------------------------------------
---------------------------------------------------------------------------------
Finished Rebuilding User Hierarchy : Time (s): cpu = 00:00:30 ; elapsed = 00:00:32 . Memory (MB): peak = 812.531 ; gain = 510.762
---------------------------------------------------------------------------------
---------------------------------------------------------------------------------
Start Renaming Generated Ports
---------------------------------------------------------------------------------
---------------------------------------------------------------------------------
Finished Renaming Generated Ports : Time (s): cpu = 00:00:30 ; elapsed = 00:00:32 . Memory (MB): peak = 812.531 ; gain = 510.762
---------------------------------------------------------------------------------
---------------------------------------------------------------------------------
Start Handling Custom Attributes
---------------------------------------------------------------------------------
---------------------------------------------------------------------------------
Finished Handling Custom Attributes : Time (s): cpu = 00:00:30 ; elapsed = 00:00:32 . Memory (MB): peak = 812.531 ; gain = 510.762
---------------------------------------------------------------------------------
---------------------------------------------------------------------------------
Start Renaming Generated Nets
---------------------------------------------------------------------------------
---------------------------------------------------------------------------------
Finished Renaming Generated Nets : Time (s): cpu = 00:00:30 ; elapsed = 00:00:32 . Memory (MB): peak = 812.531 ; gain = 510.762
---------------------------------------------------------------------------------
---------------------------------------------------------------------------------
Start ROM, RAM, DSP and Shift Register Reporting
---------------------------------------------------------------------------------

Static Shift Register Report:
+------------+--------------------------------------------------+--------+-------+--------------+--------------------+-------------------+--------+---------+
|Module Name | RTL Name                                         | Length | Width | Reset Signal | Pull out first Reg | Pull out last Reg | SRL16E | SRLC32E | 
+------------+--------------------------------------------------+--------+-------+--------------+--------------------+-------------------+--------+---------+
|top         | rgb2dvi_m0/DataEncoders[0].DataEncoder/pC0_2_reg | 4      | 1     | NO           | NO                 | YES               | 1      | 0       | 
+------------+--------------------------------------------------+--------+-------+--------------+--------------------+-------------------+--------+---------+

---------------------------------------------------------------------------------
Finished ROM, RAM, DSP and Shift Register Reporting
---------------------------------------------------------------------------------
---------------------------------------------------------------------------------
Start Writing Synthesis Report
---------------------------------------------------------------------------------

Report BlackBoxes: 
+------+--------------+----------+
|      |BlackBox name |Instances |
+------+--------------+----------+
|1     |video_pll     |         1|
|2     |osd_rom       |         1|
+------+--------------+----------+

Report Cell Usage: 
+------+------------+------+
|      |Cell        |Count |
+------+------------+------+
|1     |osd_rom     |     1|
|2     |video_pll   |     1|
|3     |CARRY4      |    20|
|4     |LUT1        |    15|
|5     |LUT2        |    29|
|6     |LUT3        |    18|
|7     |LUT4        |     7|
|8     |LUT5        |    16|
|9     |LUT6        |    42|
|10    |OSERDESE2   |     4|
|11    |OSERDESE2_1 |     4|
|12    |SRL16E      |     1|
|13    |FDCE        |    70|
|14    |FDPE        |     2|
|15    |FDRE        |    61|
|16    |FDSE        |     9|
|17    |IBUF        |     2|
|18    |OBUF        |     1|
|19    |OBUFDS      |     4|
+------+------------+------+

Report Instance Areas: 
+------+-------------------------------------+---------------+------+
|      |Instance                             |Module         |Cells |
+------+-------------------------------------+---------------+------+
|1     |top                                  |               |   316|
|2     |  color_bar_m0                       |color_bar      |   112|
|3     |  osd_display_m0                     |osd_display    |   115|
|4     |    timing_gen_xy_m0                 |timing_gen_xy  |    74|
|5     |  rgb2dvi_m0                         |rgb2dvi        |    83|
|6     |    ClockSerializer                  |OutputSERDES   |     3|
|7     |    \DataEncoders[0].DataEncoder     |TMDS_Encoder   |    32|
|8     |    \DataEncoders[0].DataSerializer  |OutputSERDES_0 |     3|
|9     |    \DataEncoders[1].DataEncoder     |TMDS_Encoder_1 |    18|
|10    |    \DataEncoders[1].DataSerializer  |OutputSERDES_2 |     3|
|11    |    \DataEncoders[2].DataEncoder     |TMDS_Encoder_3 |    18|
|12    |    \DataEncoders[2].DataSerializer  |OutputSERDES_4 |     3|
|13    |    LockLostReset                    |ResetBridge    |     3|
|14    |      SyncAsyncx                     |SyncAsync      |     2|
+------+-------------------------------------+---------------+------+
---------------------------------------------------------------------------------
Finished Writing Synthesis Report : Time (s): cpu = 00:00:30 ; elapsed = 00:00:32 . Memory (MB): peak = 812.531 ; gain = 510.762
---------------------------------------------------------------------------------
Synthesis finished with 0 errors, 0 critical warnings and 36 warnings.
Synthesis Optimization Runtime : Time (s): cpu = 00:00:18 ; elapsed = 00:00:24 . Memory (MB): peak = 812.531 ; gain = 176.441
Synthesis Optimization Complete : Time (s): cpu = 00:00:30 ; elapsed = 00:00:32 . Memory (MB): peak = 812.531 ; gain = 510.762
INFO: [Project 1-571] Translating synthesized netlist
INFO: [Netlist 29-17] Analyzing 26 Unisim elements for replacement
INFO: [Netlist 29-28] Unisim Transformation completed in 0 CPU seconds
INFO: [Project 1-570] Preparing netlist for logic optimization
INFO: [Opt 31-138] Pushed 0 inverter(s) to 0 load pin(s).
INFO: [Project 1-111] Unisim Transformation Summary:
No Unisim elements were transformed.

INFO: [Common 17-83] Releasing license: Synthesis
170 Infos, 91 Warnings, 1 Critical Warnings and 0 Errors encountered.
synth_design completed successfully
synth_design: Time (s): cpu = 00:00:31 ; elapsed = 00:00:35 . Memory (MB): peak = 812.531 ; gain = 522.605
INFO: [Common 17-1381] The checkpoint 'D:/demo_ax7035/demo_ax7035/12_1_hdmi_char/hdmi_char/hdmi_char.runs/synth_1/top.dcp' has been generated.
INFO: [runtcl-4] Executing : report_utilization -file top_utilization_synth.rpt -pb top_utilization_synth.pb
report_utilization: Time (s): cpu = 00:00:00 ; elapsed = 00:00:00.030 . Memory (MB): peak = 812.531 ; gain = 0.000
INFO: [Common 17-206] Exiting Vivado at Tue Mar 20 15:41:01 2018...
