Copyright 1986-2017 Xilinx, Inc. All Rights Reserved.
-----------------------------------------------------------------------------------------------------------------------------------------------
| Tool Version : Vivado v.2017.4 (win64) Build 2086221 Fri Dec 15 20:55:39 MST 2017
| Date         : Wed Sep 19 13:06:30 2018
| Host         : PC-201805041311 running 64-bit major release  (build 9200)
| Command      : report_methodology -file top_methodology_drc_routed.rpt -pb top_methodology_drc_routed.pb -rpx top_methodology_drc_routed.rpx
| Design       : top
| Device       : xc7a35tfgg484-1
| Speed File   : -1
| Design State : Routed
-----------------------------------------------------------------------------------------------------------------------------------------------

Report Methodology

Table of Contents
-----------------
1. REPORT SUMMARY
2. REPORT DETAILS

1. REPORT SUMMARY
-----------------
            Netlist: netlist
          Floorplan: design_1
      Design limits: <entire design considered>
             Max violations: <unlimited>
             Violations found: 149
+-----------+----------+------------------------------------------------------+------------+
| Rule      | Severity | Description                                          | Violations |
+-----------+----------+------------------------------------------------------+------------+
| PDRC-190  | Warning  | Suboptimally placed synchronized register chain      | 12         |
| SYNTH-16  | Warning  | Address collision                                    | 2          |
| TIMING-4  | Warning  | Invalid primary clock redefinition on a clock tree   | 1          |
| TIMING-6  | Warning  | No common primary clock between related clocks       | 4          |
| TIMING-7  | Warning  | No common node between related clocks                | 4          |
| TIMING-9  | Warning  | Unknown CDC Logic                                    | 1          |
| TIMING-10 | Warning  | Missing property on synchronizer                     | 1          |
| TIMING-16 | Warning  | Large setup violation                                | 85         |
| TIMING-18 | Warning  | Missing input or output delay                        | 15         |
| TIMING-24 | Warning  | Overridden Max delay datapath only                   | 2          |
| TIMING-27 | Warning  | Invalid primary clock on hierarchical pin            | 1          |
| TIMING-28 | Warning  | Auto-derived clock referenced by a timing constraint | 4          |
| XDCB-5    | Warning  | Runtime inefficient way to find pin objects          | 1          |
| REQP-1959 | Advisory | connects_SERDES_RST_driver_not_FF                    | 16         |
+-----------+----------+------------------------------------------------------+------------+

2. REPORT DETAILS
-----------------
PDRC-190#1 Warning
Suboptimally placed synchronized register chain  
The FDRE cell u_ddr3/u_ddr3_mig/temp_mon_enabled.u_tempmon/device_temp_sync_r5_reg[0] in site SLICE_X31Y63 is part of a synchronized register chain that is suboptimally placed as the load FDRE cell u_ddr3/u_ddr3_mig/temp_mon_enabled.u_tempmon/device_temp_r_reg[0] is not placed in the same (SLICE) site.
Related violations: <none>

PDRC-190#2 Warning
Suboptimally placed synchronized register chain  
The FDRE cell u_ddr3/u_ddr3_mig/temp_mon_enabled.u_tempmon/device_temp_sync_r5_reg[10] in site SLICE_X34Y63 is part of a synchronized register chain that is suboptimally placed as the load FDRE cell u_ddr3/u_ddr3_mig/temp_mon_enabled.u_tempmon/device_temp_r_reg[10] is not placed in the same (SLICE) site.
Related violations: <none>

PDRC-190#3 Warning
Suboptimally placed synchronized register chain  
The FDRE cell u_ddr3/u_ddr3_mig/temp_mon_enabled.u_tempmon/device_temp_sync_r5_reg[11] in site SLICE_X35Y61 is part of a synchronized register chain that is suboptimally placed as the load FDRE cell u_ddr3/u_ddr3_mig/temp_mon_enabled.u_tempmon/device_temp_r_reg[11] is not placed in the same (SLICE) site.
Related violations: <none>

PDRC-190#4 Warning
Suboptimally placed synchronized register chain  
The FDRE cell u_ddr3/u_ddr3_mig/temp_mon_enabled.u_tempmon/device_temp_sync_r5_reg[1] in site SLICE_X31Y65 is part of a synchronized register chain that is suboptimally placed as the load FDRE cell u_ddr3/u_ddr3_mig/temp_mon_enabled.u_tempmon/device_temp_r_reg[1] is not placed in the same (SLICE) site.
Related violations: <none>

PDRC-190#5 Warning
Suboptimally placed synchronized register chain  
The FDRE cell u_ddr3/u_ddr3_mig/temp_mon_enabled.u_tempmon/device_temp_sync_r5_reg[2] in site SLICE_X32Y64 is part of a synchronized register chain that is suboptimally placed as the load FDRE cell u_ddr3/u_ddr3_mig/temp_mon_enabled.u_tempmon/device_temp_r_reg[2] is not placed in the same (SLICE) site.
Related violations: <none>

PDRC-190#6 Warning
Suboptimally placed synchronized register chain  
The FDRE cell u_ddr3/u_ddr3_mig/temp_mon_enabled.u_tempmon/device_temp_sync_r5_reg[3] in site SLICE_X34Y61 is part of a synchronized register chain that is suboptimally placed as the load FDRE cell u_ddr3/u_ddr3_mig/temp_mon_enabled.u_tempmon/device_temp_r_reg[3] is not placed in the same (SLICE) site.
Related violations: <none>

PDRC-190#7 Warning
Suboptimally placed synchronized register chain  
The FDRE cell u_ddr3/u_ddr3_mig/temp_mon_enabled.u_tempmon/device_temp_sync_r5_reg[4] in site SLICE_X29Y63 is part of a synchronized register chain that is suboptimally placed as the load FDRE cell u_ddr3/u_ddr3_mig/temp_mon_enabled.u_tempmon/device_temp_r_reg[4] is not placed in the same (SLICE) site.
Related violations: <none>

PDRC-190#8 Warning
Suboptimally placed synchronized register chain  
The FDRE cell u_ddr3/u_ddr3_mig/temp_mon_enabled.u_tempmon/device_temp_sync_r5_reg[5] in site SLICE_X31Y61 is part of a synchronized register chain that is suboptimally placed as the load FDRE cell u_ddr3/u_ddr3_mig/temp_mon_enabled.u_tempmon/device_temp_r_reg[5] is not placed in the same (SLICE) site.
Related violations: <none>

PDRC-190#9 Warning
Suboptimally placed synchronized register chain  
The FDRE cell u_ddr3/u_ddr3_mig/temp_mon_enabled.u_tempmon/device_temp_sync_r5_reg[6] in site SLICE_X33Y61 is part of a synchronized register chain that is suboptimally placed as the load FDRE cell u_ddr3/u_ddr3_mig/temp_mon_enabled.u_tempmon/device_temp_r_reg[6] is not placed in the same (SLICE) site.
Related violations: <none>

PDRC-190#10 Warning
Suboptimally placed synchronized register chain  
The FDRE cell u_ddr3/u_ddr3_mig/temp_mon_enabled.u_tempmon/device_temp_sync_r5_reg[7] in site SLICE_X32Y59 is part of a synchronized register chain that is suboptimally placed as the load FDRE cell u_ddr3/u_ddr3_mig/temp_mon_enabled.u_tempmon/device_temp_r_reg[7] is not placed in the same (SLICE) site.
Related violations: <none>

PDRC-190#11 Warning
Suboptimally placed synchronized register chain  
The FDRE cell u_ddr3/u_ddr3_mig/temp_mon_enabled.u_tempmon/device_temp_sync_r5_reg[8] in site SLICE_X33Y59 is part of a synchronized register chain that is suboptimally placed as the load FDRE cell u_ddr3/u_ddr3_mig/temp_mon_enabled.u_tempmon/device_temp_r_reg[8] is not placed in the same (SLICE) site.
Related violations: <none>

PDRC-190#12 Warning
Suboptimally placed synchronized register chain  
The FDRE cell u_ddr3/u_ddr3_mig/temp_mon_enabled.u_tempmon/device_temp_sync_r5_reg[9] in site SLICE_X32Y62 is part of a synchronized register chain that is suboptimally placed as the load FDRE cell u_ddr3/u_ddr3_mig/temp_mon_enabled.u_tempmon/device_temp_r_reg[9] is not placed in the same (SLICE) site.
Related violations: <none>

SYNTH-16#1 Warning
Address collision  
Block RAM eth_top_inst/mac_inst/icmp0/icmp_receive_ram/ram_reg may get memory collision error if read and write address collide. Use of address collision resolution circuitry is recommended.
Related violations: <none>

SYNTH-16#2 Warning
Address collision  
Block RAM eth_top_inst/mac_inst/mac_rx0/udp0/udp_receive_ram/ram_reg may get memory collision error if read and write address collide. Use of address collision resolution circuitry is recommended.
Related violations: <none>

TIMING-4#1 Warning
Invalid primary clock redefinition on a clock tree  
Invalid clock redefinition on a clock tree. The primary clock clk_ref_m0/inst/clk_in1 is defined downstream of clock sys_clk and overrides its insertion delay and/or waveform definition
Related violations: <none>

TIMING-6#1 Warning
No common primary clock between related clocks  
The clocks clk_out1_video_pll and rx_clk are related (timed together) but they have no common primary clock. The design could fail in hardware. To find a timing path between these clocks, run the following command: report_timing -from [get_clocks clk_out1_video_pll] -to [get_clocks rx_clk]
Related violations: <none>

TIMING-6#2 Warning
No common primary clock between related clocks  
The clocks clk_pll_i and rx_clk are related (timed together) but they have no common primary clock. The design could fail in hardware. To find a timing path between these clocks, run the following command: report_timing -from [get_clocks clk_pll_i] -to [get_clocks rx_clk]
Related violations: <none>

TIMING-6#3 Warning
No common primary clock between related clocks  
The clocks rx_clk and clk_out1_video_pll are related (timed together) but they have no common primary clock. The design could fail in hardware. To find a timing path between these clocks, run the following command: report_timing -from [get_clocks rx_clk] -to [get_clocks clk_out1_video_pll]
Related violations: <none>

TIMING-6#4 Warning
No common primary clock between related clocks  
The clocks rx_clk and clk_pll_i are related (timed together) but they have no common primary clock. The design could fail in hardware. To find a timing path between these clocks, run the following command: report_timing -from [get_clocks rx_clk] -to [get_clocks clk_pll_i]
Related violations: <none>

TIMING-7#1 Warning
No common node between related clocks  
The clocks clk_out1_video_pll and rx_clk are related (timed together) but they have no common node. The design could fail in hardware. To find a timing path between these clocks, run the following command: report_timing -from [get_clocks clk_out1_video_pll] -to [get_clocks rx_clk]
Related violations: <none>

TIMING-7#2 Warning
No common node between related clocks  
The clocks clk_pll_i and rx_clk are related (timed together) but they have no common node. The design could fail in hardware. To find a timing path between these clocks, run the following command: report_timing -from [get_clocks clk_pll_i] -to [get_clocks rx_clk]
Related violations: <none>

TIMING-7#3 Warning
No common node between related clocks  
The clocks rx_clk and clk_out1_video_pll are related (timed together) but they have no common node. The design could fail in hardware. To find a timing path between these clocks, run the following command: report_timing -from [get_clocks rx_clk] -to [get_clocks clk_out1_video_pll]
Related violations: <none>

TIMING-7#4 Warning
No common node between related clocks  
The clocks rx_clk and clk_pll_i are related (timed together) but they have no common node. The design could fail in hardware. To find a timing path between these clocks, run the following command: report_timing -from [get_clocks rx_clk] -to [get_clocks clk_pll_i]
Related violations: <none>

TIMING-9#1 Warning
Unknown CDC Logic  
One or more asynchronous Clock Domain Crossing has been detected between 2 clock domains through a set_false_path or a set_clock_groups or set_max_delay -datapath_only constraint but no double-registers logic synchronizer has been found on the side of the capture clock. It is recommended to run report_cdc for a complete and detailed CDC coverage. Please consider using XPM_CDC to avoid Critical severities
Related violations: <none>

TIMING-10#1 Warning
Missing property on synchronizer  
One or more logic synchronizer has been detected between 2 clock domains but the synchronizer does not have the property ASYNC_REG defined on one or both registers. It is recommended to run report_cdc for a complete and detailed CDC coverage
Related violations: <none>

TIMING-16#1 Warning
Large setup violation  
There is a large setup violation of -1.614 ns between eth_top_inst/ctrl_inst/sample_len_reg[16]/C (clocked by rx_clk) and frame_read_write_m0/frame_fifo_read_m0/read_len_d0_reg[14]/D (clocked by clk_pll_i). Large setup violations at the end of those stages might be difficult to fix during the post-placement implementation flow and could be the result of non-optimal XDC constraints or non-optimal design architecture
Related violations: <none>

TIMING-16#2 Warning
Large setup violation  
There is a large setup violation of -1.621 ns between eth_top_inst/ctrl_inst/sample_len_reg[5]/C (clocked by rx_clk) and frame_read_write_m0/frame_fifo_read_m0/read_len_d0_reg[3]/D (clocked by clk_pll_i). Large setup violations at the end of those stages might be difficult to fix during the post-placement implementation flow and could be the result of non-optimal XDC constraints or non-optimal design architecture
Related violations: <none>

TIMING-16#3 Warning
Large setup violation  
There is a large setup violation of -1.639 ns between eth_top_inst/ctrl_inst/sample_len_reg[18]/C (clocked by rx_clk) and frame_read_write_m0/frame_fifo_read_m0/read_len_d0_reg[16]/D (clocked by clk_pll_i). Large setup violations at the end of those stages might be difficult to fix during the post-placement implementation flow and could be the result of non-optimal XDC constraints or non-optimal design architecture
Related violations: <none>

TIMING-16#4 Warning
Large setup violation  
There is a large setup violation of -1.646 ns between eth_top_inst/ctrl_inst/sample_len_reg[17]/C (clocked by rx_clk) and frame_read_write_m0/frame_fifo_read_m0/read_len_d0_reg[15]/D (clocked by clk_pll_i). Large setup violations at the end of those stages might be difficult to fix during the post-placement implementation flow and could be the result of non-optimal XDC constraints or non-optimal design architecture
Related violations: <none>

TIMING-16#5 Warning
Large setup violation  
There is a large setup violation of -1.670 ns between eth_top_inst/ctrl_inst/sample_len_reg[16]/C (clocked by rx_clk) and frame_read_write_m0/frame_fifo_write_m0/write_len_d0_reg[14]/D (clocked by clk_pll_i). Large setup violations at the end of those stages might be difficult to fix during the post-placement implementation flow and could be the result of non-optimal XDC constraints or non-optimal design architecture
Related violations: <none>

TIMING-16#6 Warning
Large setup violation  
There is a large setup violation of -1.682 ns between eth_top_inst/ctrl_inst/read_req_reg/C (clocked by rx_clk) and frame_read_write_m0/frame_fifo_read_m0/read_req_d0_reg/D (clocked by clk_pll_i). Large setup violations at the end of those stages might be difficult to fix during the post-placement implementation flow and could be the result of non-optimal XDC constraints or non-optimal design architecture
Related violations: <none>

TIMING-16#7 Warning
Large setup violation  
There is a large setup violation of -1.687 ns between eth_top_inst/ctrl_inst/sample_len_reg[17]/C (clocked by rx_clk) and frame_read_write_m0/frame_fifo_write_m0/write_len_d0_reg[15]/D (clocked by clk_pll_i). Large setup violations at the end of those stages might be difficult to fix during the post-placement implementation flow and could be the result of non-optimal XDC constraints or non-optimal design architecture
Related violations: <none>

TIMING-16#8 Warning
Large setup violation  
There is a large setup violation of -1.691 ns between eth_top_inst/ctrl_inst/sample_len_reg[24]/C (clocked by rx_clk) and frame_read_write_m0/frame_fifo_read_m0/read_len_d0_reg[22]/D (clocked by clk_pll_i). Large setup violations at the end of those stages might be difficult to fix during the post-placement implementation flow and could be the result of non-optimal XDC constraints or non-optimal design architecture
Related violations: <none>

TIMING-16#9 Warning
Large setup violation  
There is a large setup violation of -1.693 ns between eth_top_inst/ctrl_inst/sample_len_reg[20]/C (clocked by rx_clk) and frame_read_write_m0/frame_fifo_read_m0/read_len_d0_reg[18]/D (clocked by clk_pll_i). Large setup violations at the end of those stages might be difficult to fix during the post-placement implementation flow and could be the result of non-optimal XDC constraints or non-optimal design architecture
Related violations: <none>

TIMING-16#10 Warning
Large setup violation  
There is a large setup violation of -1.693 ns between eth_top_inst/ctrl_inst/sample_len_reg[7]/C (clocked by rx_clk) and frame_read_write_m0/frame_fifo_write_m0/write_len_d0_reg[5]/D (clocked by clk_pll_i). Large setup violations at the end of those stages might be difficult to fix during the post-placement implementation flow and could be the result of non-optimal XDC constraints or non-optimal design architecture
Related violations: <none>

TIMING-16#11 Warning
Large setup violation  
There is a large setup violation of -1.694 ns between eth_top_inst/ctrl_inst/sample_len_reg[24]/C (clocked by rx_clk) and frame_read_write_m0/frame_fifo_write_m0/write_len_d0_reg[22]/D (clocked by clk_pll_i). Large setup violations at the end of those stages might be difficult to fix during the post-placement implementation flow and could be the result of non-optimal XDC constraints or non-optimal design architecture
Related violations: <none>

TIMING-16#12 Warning
Large setup violation  
There is a large setup violation of -1.702 ns between eth_top_inst/ctrl_inst/sample_len_reg[15]/C (clocked by rx_clk) and frame_read_write_m0/frame_fifo_write_m0/write_len_d0_reg[13]/D (clocked by clk_pll_i). Large setup violations at the end of those stages might be difficult to fix during the post-placement implementation flow and could be the result of non-optimal XDC constraints or non-optimal design architecture
Related violations: <none>

TIMING-16#13 Warning
Large setup violation  
There is a large setup violation of -1.706 ns between eth_top_inst/ctrl_inst/sample_len_reg[6]/C (clocked by rx_clk) and frame_read_write_m0/frame_fifo_read_m0/read_len_d0_reg[4]/D (clocked by clk_pll_i). Large setup violations at the end of those stages might be difficult to fix during the post-placement implementation flow and could be the result of non-optimal XDC constraints or non-optimal design architecture
Related violations: <none>

TIMING-16#14 Warning
Large setup violation  
There is a large setup violation of -1.713 ns between eth_top_inst/ctrl_inst/sample_len_reg[21]/C (clocked by rx_clk) and frame_read_write_m0/frame_fifo_write_m0/write_len_d0_reg[19]/D (clocked by clk_pll_i). Large setup violations at the end of those stages might be difficult to fix during the post-placement implementation flow and could be the result of non-optimal XDC constraints or non-optimal design architecture
Related violations: <none>

TIMING-16#15 Warning
Large setup violation  
There is a large setup violation of -1.734 ns between eth_top_inst/ctrl_inst/sample_len_reg[6]/C (clocked by rx_clk) and frame_read_write_m0/frame_fifo_write_m0/write_len_d0_reg[4]/D (clocked by clk_pll_i). Large setup violations at the end of those stages might be difficult to fix during the post-placement implementation flow and could be the result of non-optimal XDC constraints or non-optimal design architecture
Related violations: <none>

TIMING-16#16 Warning
Large setup violation  
There is a large setup violation of -1.740 ns between eth_top_inst/ctrl_inst/sample_len_reg[9]/C (clocked by rx_clk) and frame_read_write_m0/frame_fifo_write_m0/write_len_d0_reg[7]/D (clocked by clk_pll_i). Large setup violations at the end of those stages might be difficult to fix during the post-placement implementation flow and could be the result of non-optimal XDC constraints or non-optimal design architecture
Related violations: <none>

TIMING-16#17 Warning
Large setup violation  
There is a large setup violation of -1.742 ns between eth_top_inst/ctrl_inst/sample_len_reg[21]/C (clocked by rx_clk) and frame_read_write_m0/frame_fifo_read_m0/read_len_d0_reg[19]/D (clocked by clk_pll_i). Large setup violations at the end of those stages might be difficult to fix during the post-placement implementation flow and could be the result of non-optimal XDC constraints or non-optimal design architecture
Related violations: <none>

TIMING-16#18 Warning
Large setup violation  
There is a large setup violation of -1.744 ns between eth_top_inst/ctrl_inst/sample_len_reg[10]/C (clocked by rx_clk) and frame_read_write_m0/frame_fifo_write_m0/write_len_d0_reg[8]/D (clocked by clk_pll_i). Large setup violations at the end of those stages might be difficult to fix during the post-placement implementation flow and could be the result of non-optimal XDC constraints or non-optimal design architecture
Related violations: <none>

TIMING-16#19 Warning
Large setup violation  
There is a large setup violation of -1.745 ns between eth_top_inst/ctrl_inst/sample_len_reg[26]/C (clocked by rx_clk) and frame_read_write_m0/frame_fifo_write_m0/write_len_d0_reg[24]/D (clocked by clk_pll_i). Large setup violations at the end of those stages might be difficult to fix during the post-placement implementation flow and could be the result of non-optimal XDC constraints or non-optimal design architecture
Related violations: <none>

TIMING-16#20 Warning
Large setup violation  
There is a large setup violation of -1.746 ns between eth_top_inst/ctrl_inst/sample_len_reg[23]/C (clocked by rx_clk) and frame_read_write_m0/frame_fifo_write_m0/write_len_d0_reg[21]/D (clocked by clk_pll_i). Large setup violations at the end of those stages might be difficult to fix during the post-placement implementation flow and could be the result of non-optimal XDC constraints or non-optimal design architecture
Related violations: <none>

TIMING-16#21 Warning
Large setup violation  
There is a large setup violation of -1.760 ns between eth_top_inst/ctrl_inst/sample_len_reg[22]/C (clocked by rx_clk) and frame_read_write_m0/frame_fifo_read_m0/read_len_d0_reg[20]/D (clocked by clk_pll_i). Large setup violations at the end of those stages might be difficult to fix during the post-placement implementation flow and could be the result of non-optimal XDC constraints or non-optimal design architecture
Related violations: <none>

TIMING-16#22 Warning
Large setup violation  
There is a large setup violation of -1.762 ns between eth_top_inst/ctrl_inst/sample_len_reg[3]/C (clocked by rx_clk) and frame_read_write_m0/frame_fifo_read_m0/read_len_d0_reg[1]/D (clocked by clk_pll_i). Large setup violations at the end of those stages might be difficult to fix during the post-placement implementation flow and could be the result of non-optimal XDC constraints or non-optimal design architecture
Related violations: <none>

TIMING-16#23 Warning
Large setup violation  
There is a large setup violation of -1.764 ns between eth_top_inst/ctrl_inst/sample_len_reg[18]/C (clocked by rx_clk) and frame_read_write_m0/frame_fifo_write_m0/write_len_d0_reg[16]/D (clocked by clk_pll_i). Large setup violations at the end of those stages might be difficult to fix during the post-placement implementation flow and could be the result of non-optimal XDC constraints or non-optimal design architecture
Related violations: <none>

TIMING-16#24 Warning
Large setup violation  
There is a large setup violation of -1.764 ns between eth_top_inst/ctrl_inst/sample_len_reg[5]/C (clocked by rx_clk) and frame_read_write_m0/frame_fifo_write_m0/write_len_d0_reg[3]/D (clocked by clk_pll_i). Large setup violations at the end of those stages might be difficult to fix during the post-placement implementation flow and could be the result of non-optimal XDC constraints or non-optimal design architecture
Related violations: <none>

TIMING-16#25 Warning
Large setup violation  
There is a large setup violation of -1.765 ns between eth_top_inst/ctrl_inst/sample_len_reg[10]/C (clocked by rx_clk) and frame_read_write_m0/frame_fifo_read_m0/read_len_d0_reg[8]/D (clocked by clk_pll_i). Large setup violations at the end of those stages might be difficult to fix during the post-placement implementation flow and could be the result of non-optimal XDC constraints or non-optimal design architecture
Related violations: <none>

TIMING-16#26 Warning
Large setup violation  
There is a large setup violation of -1.766 ns between eth_top_inst/ctrl_inst/sample_len_reg[12]/C (clocked by rx_clk) and frame_read_write_m0/frame_fifo_read_m0/read_len_d0_reg[10]/D (clocked by clk_pll_i). Large setup violations at the end of those stages might be difficult to fix during the post-placement implementation flow and could be the result of non-optimal XDC constraints or non-optimal design architecture
Related violations: <none>

TIMING-16#27 Warning
Large setup violation  
There is a large setup violation of -1.767 ns between eth_top_inst/ctrl_inst/sample_len_reg[22]/C (clocked by rx_clk) and frame_read_write_m0/frame_fifo_write_m0/write_len_d0_reg[20]/D (clocked by clk_pll_i). Large setup violations at the end of those stages might be difficult to fix during the post-placement implementation flow and could be the result of non-optimal XDC constraints or non-optimal design architecture
Related violations: <none>

TIMING-16#28 Warning
Large setup violation  
There is a large setup violation of -1.768 ns between eth_top_inst/ctrl_inst/sample_len_reg[14]/C (clocked by rx_clk) and frame_read_write_m0/frame_fifo_read_m0/read_len_d0_reg[12]/D (clocked by clk_pll_i). Large setup violations at the end of those stages might be difficult to fix during the post-placement implementation flow and could be the result of non-optimal XDC constraints or non-optimal design architecture
Related violations: <none>

TIMING-16#29 Warning
Large setup violation  
There is a large setup violation of -1.769 ns between eth_top_inst/ctrl_inst/sample_len_reg[11]/C (clocked by rx_clk) and frame_read_write_m0/frame_fifo_write_m0/write_len_d0_reg[9]/D (clocked by clk_pll_i). Large setup violations at the end of those stages might be difficult to fix during the post-placement implementation flow and could be the result of non-optimal XDC constraints or non-optimal design architecture
Related violations: <none>

TIMING-16#30 Warning
Large setup violation  
There is a large setup violation of -1.769 ns between eth_top_inst/ctrl_inst/sample_len_reg[12]/C (clocked by rx_clk) and frame_read_write_m0/frame_fifo_write_m0/write_len_d0_reg[10]/D (clocked by clk_pll_i). Large setup violations at the end of those stages might be difficult to fix during the post-placement implementation flow and could be the result of non-optimal XDC constraints or non-optimal design architecture
Related violations: <none>

TIMING-16#31 Warning
Large setup violation  
There is a large setup violation of -1.780 ns between eth_top_inst/ctrl_inst/sample_len_reg[20]/C (clocked by rx_clk) and frame_read_write_m0/frame_fifo_write_m0/write_len_d0_reg[18]/D (clocked by clk_pll_i). Large setup violations at the end of those stages might be difficult to fix during the post-placement implementation flow and could be the result of non-optimal XDC constraints or non-optimal design architecture
Related violations: <none>

TIMING-16#32 Warning
Large setup violation  
There is a large setup violation of -1.788 ns between eth_top_inst/ctrl_inst/sample_len_reg[7]/C (clocked by rx_clk) and frame_read_write_m0/frame_fifo_read_m0/read_len_d0_reg[5]/D (clocked by clk_pll_i). Large setup violations at the end of those stages might be difficult to fix during the post-placement implementation flow and could be the result of non-optimal XDC constraints or non-optimal design architecture
Related violations: <none>

TIMING-16#33 Warning
Large setup violation  
There is a large setup violation of -1.788 ns between eth_top_inst/ctrl_inst/sample_len_reg[9]/C (clocked by rx_clk) and frame_read_write_m0/frame_fifo_read_m0/read_len_d0_reg[7]/D (clocked by clk_pll_i). Large setup violations at the end of those stages might be difficult to fix during the post-placement implementation flow and could be the result of non-optimal XDC constraints or non-optimal design architecture
Related violations: <none>

TIMING-16#34 Warning
Large setup violation  
There is a large setup violation of -1.796 ns between eth_top_inst/ctrl_inst/sample_len_reg[19]/C (clocked by rx_clk) and frame_read_write_m0/frame_fifo_read_m0/read_len_d0_reg[17]/D (clocked by clk_pll_i). Large setup violations at the end of those stages might be difficult to fix during the post-placement implementation flow and could be the result of non-optimal XDC constraints or non-optimal design architecture
Related violations: <none>

TIMING-16#35 Warning
Large setup violation  
There is a large setup violation of -1.806 ns between eth_top_inst/ctrl_inst/sample_len_reg[11]/C (clocked by rx_clk) and frame_read_write_m0/frame_fifo_read_m0/read_len_d0_reg[9]/D (clocked by clk_pll_i). Large setup violations at the end of those stages might be difficult to fix during the post-placement implementation flow and could be the result of non-optimal XDC constraints or non-optimal design architecture
Related violations: <none>

TIMING-16#36 Warning
Large setup violation  
There is a large setup violation of -1.809 ns between eth_top_inst/ctrl_inst/sample_len_reg[15]/C (clocked by rx_clk) and frame_read_write_m0/frame_fifo_read_m0/read_len_d0_reg[13]/D (clocked by clk_pll_i). Large setup violations at the end of those stages might be difficult to fix during the post-placement implementation flow and could be the result of non-optimal XDC constraints or non-optimal design architecture
Related violations: <none>

TIMING-16#37 Warning
Large setup violation  
There is a large setup violation of -1.810 ns between eth_top_inst/ctrl_inst/sample_len_reg[14]/C (clocked by rx_clk) and frame_read_write_m0/frame_fifo_write_m0/write_len_d0_reg[12]/D (clocked by clk_pll_i). Large setup violations at the end of those stages might be difficult to fix during the post-placement implementation flow and could be the result of non-optimal XDC constraints or non-optimal design architecture
Related violations: <none>

TIMING-16#38 Warning
Large setup violation  
There is a large setup violation of -1.811 ns between eth_top_inst/ctrl_inst/sample_len_reg[19]/C (clocked by rx_clk) and frame_read_write_m0/frame_fifo_write_m0/write_len_d0_reg[17]/D (clocked by clk_pll_i). Large setup violations at the end of those stages might be difficult to fix during the post-placement implementation flow and could be the result of non-optimal XDC constraints or non-optimal design architecture
Related violations: <none>

TIMING-16#39 Warning
Large setup violation  
There is a large setup violation of -1.812 ns between eth_top_inst/ctrl_inst/sample_len_reg[26]/C (clocked by rx_clk) and frame_read_write_m0/frame_fifo_read_m0/read_len_d0_reg[24]/D (clocked by clk_pll_i). Large setup violations at the end of those stages might be difficult to fix during the post-placement implementation flow and could be the result of non-optimal XDC constraints or non-optimal design architecture
Related violations: <none>

TIMING-16#40 Warning
Large setup violation  
There is a large setup violation of -1.813 ns between eth_top_inst/ctrl_inst/sample_len_reg[3]/C (clocked by rx_clk) and frame_read_write_m0/frame_fifo_write_m0/write_len_d0_reg[1]/D (clocked by clk_pll_i). Large setup violations at the end of those stages might be difficult to fix during the post-placement implementation flow and could be the result of non-optimal XDC constraints or non-optimal design architecture
Related violations: <none>

TIMING-16#41 Warning
Large setup violation  
There is a large setup violation of -1.817 ns between eth_top_inst/ctrl_inst/sample_len_reg[2]/C (clocked by rx_clk) and frame_read_write_m0/frame_fifo_write_m0/write_len_d0_reg[0]/D (clocked by clk_pll_i). Large setup violations at the end of those stages might be difficult to fix during the post-placement implementation flow and could be the result of non-optimal XDC constraints or non-optimal design architecture
Related violations: <none>

TIMING-16#42 Warning
Large setup violation  
There is a large setup violation of -1.822 ns between eth_top_inst/ctrl_inst/sample_len_reg[4]/C (clocked by rx_clk) and frame_read_write_m0/frame_fifo_write_m0/write_len_d0_reg[2]/D (clocked by clk_pll_i). Large setup violations at the end of those stages might be difficult to fix during the post-placement implementation flow and could be the result of non-optimal XDC constraints or non-optimal design architecture
Related violations: <none>

TIMING-16#43 Warning
Large setup violation  
There is a large setup violation of -1.823 ns between eth_top_inst/ctrl_inst/sample_len_reg[25]/C (clocked by rx_clk) and frame_read_write_m0/frame_fifo_write_m0/write_len_d0_reg[23]/D (clocked by clk_pll_i). Large setup violations at the end of those stages might be difficult to fix during the post-placement implementation flow and could be the result of non-optimal XDC constraints or non-optimal design architecture
Related violations: <none>

TIMING-16#44 Warning
Large setup violation  
There is a large setup violation of -1.829 ns between eth_top_inst/ctrl_inst/sample_len_reg[25]/C (clocked by rx_clk) and frame_read_write_m0/frame_fifo_read_m0/read_len_d0_reg[23]/D (clocked by clk_pll_i). Large setup violations at the end of those stages might be difficult to fix during the post-placement implementation flow and could be the result of non-optimal XDC constraints or non-optimal design architecture
Related violations: <none>

TIMING-16#45 Warning
Large setup violation  
There is a large setup violation of -1.849 ns between eth_top_inst/ctrl_inst/sample_len_reg[2]/C (clocked by rx_clk) and frame_read_write_m0/frame_fifo_read_m0/read_len_d0_reg[0]/D (clocked by clk_pll_i). Large setup violations at the end of those stages might be difficult to fix during the post-placement implementation flow and could be the result of non-optimal XDC constraints or non-optimal design architecture
Related violations: <none>

TIMING-16#46 Warning
Large setup violation  
There is a large setup violation of -1.865 ns between eth_top_inst/ctrl_inst/sample_len_reg[23]/C (clocked by rx_clk) and frame_read_write_m0/frame_fifo_read_m0/read_len_d0_reg[21]/D (clocked by clk_pll_i). Large setup violations at the end of those stages might be difficult to fix during the post-placement implementation flow and could be the result of non-optimal XDC constraints or non-optimal design architecture
Related violations: <none>

TIMING-16#47 Warning
Large setup violation  
There is a large setup violation of -1.870 ns between eth_top_inst/ctrl_inst/sample_len_reg[8]/C (clocked by rx_clk) and frame_read_write_m0/frame_fifo_read_m0/read_len_d0_reg[6]/D (clocked by clk_pll_i). Large setup violations at the end of those stages might be difficult to fix during the post-placement implementation flow and could be the result of non-optimal XDC constraints or non-optimal design architecture
Related violations: <none>

TIMING-16#48 Warning
Large setup violation  
There is a large setup violation of -1.871 ns between eth_top_inst/ctrl_inst/sample_len_reg[13]/C (clocked by rx_clk) and frame_read_write_m0/frame_fifo_write_m0/write_len_d0_reg[11]/D (clocked by clk_pll_i). Large setup violations at the end of those stages might be difficult to fix during the post-placement implementation flow and could be the result of non-optimal XDC constraints or non-optimal design architecture
Related violations: <none>

TIMING-16#49 Warning
Large setup violation  
There is a large setup violation of -1.872 ns between eth_top_inst/ctrl_inst/sample_len_reg[8]/C (clocked by rx_clk) and frame_read_write_m0/frame_fifo_write_m0/write_len_d0_reg[6]/D (clocked by clk_pll_i). Large setup violations at the end of those stages might be difficult to fix during the post-placement implementation flow and could be the result of non-optimal XDC constraints or non-optimal design architecture
Related violations: <none>

TIMING-16#50 Warning
Large setup violation  
There is a large setup violation of -1.878 ns between eth_top_inst/ctrl_inst/sample_len_reg[4]/C (clocked by rx_clk) and frame_read_write_m0/frame_fifo_read_m0/read_len_d0_reg[2]/D (clocked by clk_pll_i). Large setup violations at the end of those stages might be difficult to fix during the post-placement implementation flow and could be the result of non-optimal XDC constraints or non-optimal design architecture
Related violations: <none>

TIMING-16#51 Warning
Large setup violation  
There is a large setup violation of -1.897 ns between eth_top_inst/ctrl_inst/sample_len_reg[13]/C (clocked by rx_clk) and frame_read_write_m0/frame_fifo_read_m0/read_len_d0_reg[11]/D (clocked by clk_pll_i). Large setup violations at the end of those stages might be difficult to fix during the post-placement implementation flow and could be the result of non-optimal XDC constraints or non-optimal design architecture
Related violations: <none>

TIMING-16#52 Warning
Large setup violation  
There is a large setup violation of -2.287 ns between ad9280_sample_m0/ad_sample_ack_reg/C (clocked by clk_out1_video_pll) and eth_top_inst/ctrl_inst/ad_sample_ack_d0_reg/D (clocked by rx_clk). Large setup violations at the end of those stages might be difficult to fix during the post-placement implementation flow and could be the result of non-optimal XDC constraints or non-optimal design architecture
Related violations: <none>

TIMING-16#53 Warning
Large setup violation  
There is a large setup violation of -2.364 ns between eth_top_inst/ctrl_inst/sample_len_reg[31]/C (clocked by rx_clk) and ad9280_sample_m0/sample_len_d0_reg[31]/D (clocked by clk_out1_video_pll). Large setup violations at the end of those stages might be difficult to fix during the post-placement implementation flow and could be the result of non-optimal XDC constraints or non-optimal design architecture
Related violations: <none>

TIMING-16#54 Warning
Large setup violation  
There is a large setup violation of -2.429 ns between eth_top_inst/ctrl_inst/sample_len_reg[29]/C (clocked by rx_clk) and ad9280_sample_m0/sample_len_d0_reg[29]/D (clocked by clk_out1_video_pll). Large setup violations at the end of those stages might be difficult to fix during the post-placement implementation flow and could be the result of non-optimal XDC constraints or non-optimal design architecture
Related violations: <none>

TIMING-16#55 Warning
Large setup violation  
There is a large setup violation of -2.445 ns between eth_top_inst/ctrl_inst/sample_len_reg[20]/C (clocked by rx_clk) and ad9280_sample_m0/sample_len_d0_reg[20]/D (clocked by clk_out1_video_pll). Large setup violations at the end of those stages might be difficult to fix during the post-placement implementation flow and could be the result of non-optimal XDC constraints or non-optimal design architecture
Related violations: <none>

TIMING-16#56 Warning
Large setup violation  
There is a large setup violation of -2.533 ns between eth_top_inst/ctrl_inst/sample_len_reg[30]/C (clocked by rx_clk) and ad9280_sample_m0/sample_len_d0_reg[30]/D (clocked by clk_out1_video_pll). Large setup violations at the end of those stages might be difficult to fix during the post-placement implementation flow and could be the result of non-optimal XDC constraints or non-optimal design architecture
Related violations: <none>

TIMING-16#57 Warning
Large setup violation  
There is a large setup violation of -2.543 ns between eth_top_inst/ctrl_inst/sample_len_reg[1]/C (clocked by rx_clk) and ad9280_sample_m0/sample_len_d0_reg[1]/D (clocked by clk_out1_video_pll). Large setup violations at the end of those stages might be difficult to fix during the post-placement implementation flow and could be the result of non-optimal XDC constraints or non-optimal design architecture
Related violations: <none>

TIMING-16#58 Warning
Large setup violation  
There is a large setup violation of -2.549 ns between eth_top_inst/ctrl_inst/sample_len_reg[5]/C (clocked by rx_clk) and ad9280_sample_m0/sample_len_d0_reg[5]/D (clocked by clk_out1_video_pll). Large setup violations at the end of those stages might be difficult to fix during the post-placement implementation flow and could be the result of non-optimal XDC constraints or non-optimal design architecture
Related violations: <none>

TIMING-16#59 Warning
Large setup violation  
There is a large setup violation of -2.575 ns between eth_top_inst/ctrl_inst/sample_len_reg[27]/C (clocked by rx_clk) and ad9280_sample_m0/sample_len_d0_reg[27]/D (clocked by clk_out1_video_pll). Large setup violations at the end of those stages might be difficult to fix during the post-placement implementation flow and could be the result of non-optimal XDC constraints or non-optimal design architecture
Related violations: <none>

TIMING-16#60 Warning
Large setup violation  
There is a large setup violation of -2.580 ns between eth_top_inst/ctrl_inst/sample_len_reg[28]/C (clocked by rx_clk) and ad9280_sample_m0/sample_len_d0_reg[28]/D (clocked by clk_out1_video_pll). Large setup violations at the end of those stages might be difficult to fix during the post-placement implementation flow and could be the result of non-optimal XDC constraints or non-optimal design architecture
Related violations: <none>

TIMING-16#61 Warning
Large setup violation  
There is a large setup violation of -2.584 ns between eth_top_inst/ctrl_inst/sample_len_reg[18]/C (clocked by rx_clk) and ad9280_sample_m0/sample_len_d0_reg[18]/D (clocked by clk_out1_video_pll). Large setup violations at the end of those stages might be difficult to fix during the post-placement implementation flow and could be the result of non-optimal XDC constraints or non-optimal design architecture
Related violations: <none>

TIMING-16#62 Warning
Large setup violation  
There is a large setup violation of -2.599 ns between eth_top_inst/ctrl_inst/sample_len_reg[9]/C (clocked by rx_clk) and ad9280_sample_m0/sample_len_d0_reg[9]/D (clocked by clk_out1_video_pll). Large setup violations at the end of those stages might be difficult to fix during the post-placement implementation flow and could be the result of non-optimal XDC constraints or non-optimal design architecture
Related violations: <none>

TIMING-16#63 Warning
Large setup violation  
There is a large setup violation of -2.602 ns between eth_top_inst/ctrl_inst/sample_len_reg[6]/C (clocked by rx_clk) and ad9280_sample_m0/sample_len_d0_reg[6]/D (clocked by clk_out1_video_pll). Large setup violations at the end of those stages might be difficult to fix during the post-placement implementation flow and could be the result of non-optimal XDC constraints or non-optimal design architecture
Related violations: <none>

TIMING-16#64 Warning
Large setup violation  
There is a large setup violation of -2.618 ns between eth_top_inst/ctrl_inst/sample_len_reg[21]/C (clocked by rx_clk) and ad9280_sample_m0/sample_len_d0_reg[21]/D (clocked by clk_out1_video_pll). Large setup violations at the end of those stages might be difficult to fix during the post-placement implementation flow and could be the result of non-optimal XDC constraints or non-optimal design architecture
Related violations: <none>

TIMING-16#65 Warning
Large setup violation  
There is a large setup violation of -2.630 ns between eth_top_inst/ctrl_inst/sample_len_reg[0]/C (clocked by rx_clk) and ad9280_sample_m0/sample_len_d0_reg[0]/D (clocked by clk_out1_video_pll). Large setup violations at the end of those stages might be difficult to fix during the post-placement implementation flow and could be the result of non-optimal XDC constraints or non-optimal design architecture
Related violations: <none>

TIMING-16#66 Warning
Large setup violation  
There is a large setup violation of -2.632 ns between eth_top_inst/ctrl_inst/sample_len_reg[24]/C (clocked by rx_clk) and ad9280_sample_m0/sample_len_d0_reg[24]/D (clocked by clk_out1_video_pll). Large setup violations at the end of those stages might be difficult to fix during the post-placement implementation flow and could be the result of non-optimal XDC constraints or non-optimal design architecture
Related violations: <none>

TIMING-16#67 Warning
Large setup violation  
There is a large setup violation of -2.639 ns between eth_top_inst/ctrl_inst/sample_len_reg[2]/C (clocked by rx_clk) and ad9280_sample_m0/sample_len_d0_reg[2]/D (clocked by clk_out1_video_pll). Large setup violations at the end of those stages might be difficult to fix during the post-placement implementation flow and could be the result of non-optimal XDC constraints or non-optimal design architecture
Related violations: <none>

TIMING-16#68 Warning
Large setup violation  
There is a large setup violation of -2.640 ns between eth_top_inst/ctrl_inst/sample_len_reg[7]/C (clocked by rx_clk) and ad9280_sample_m0/sample_len_d0_reg[7]/D (clocked by clk_out1_video_pll). Large setup violations at the end of those stages might be difficult to fix during the post-placement implementation flow and could be the result of non-optimal XDC constraints or non-optimal design architecture
Related violations: <none>

TIMING-16#69 Warning
Large setup violation  
There is a large setup violation of -2.648 ns between eth_top_inst/ctrl_inst/sample_len_reg[17]/C (clocked by rx_clk) and ad9280_sample_m0/sample_len_d0_reg[17]/D (clocked by clk_out1_video_pll). Large setup violations at the end of those stages might be difficult to fix during the post-placement implementation flow and could be the result of non-optimal XDC constraints or non-optimal design architecture
Related violations: <none>

TIMING-16#70 Warning
Large setup violation  
There is a large setup violation of -2.651 ns between eth_top_inst/ctrl_inst/sample_len_reg[4]/C (clocked by rx_clk) and ad9280_sample_m0/sample_len_d0_reg[4]/D (clocked by clk_out1_video_pll). Large setup violations at the end of those stages might be difficult to fix during the post-placement implementation flow and could be the result of non-optimal XDC constraints or non-optimal design architecture
Related violations: <none>

TIMING-16#71 Warning
Large setup violation  
There is a large setup violation of -2.673 ns between eth_top_inst/ctrl_inst/ad_sample_req_reg/C (clocked by rx_clk) and ad9280_sample_m0/ad_sample_req_d0_reg/D (clocked by clk_out1_video_pll). Large setup violations at the end of those stages might be difficult to fix during the post-placement implementation flow and could be the result of non-optimal XDC constraints or non-optimal design architecture
Related violations: <none>

TIMING-16#72 Warning
Large setup violation  
There is a large setup violation of -2.684 ns between eth_top_inst/ctrl_inst/sample_len_reg[16]/C (clocked by rx_clk) and ad9280_sample_m0/sample_len_d0_reg[16]/D (clocked by clk_out1_video_pll). Large setup violations at the end of those stages might be difficult to fix during the post-placement implementation flow and could be the result of non-optimal XDC constraints or non-optimal design architecture
Related violations: <none>

TIMING-16#73 Warning
Large setup violation  
There is a large setup violation of -2.689 ns between eth_top_inst/ctrl_inst/sample_len_reg[12]/C (clocked by rx_clk) and ad9280_sample_m0/sample_len_d0_reg[12]/D (clocked by clk_out1_video_pll). Large setup violations at the end of those stages might be difficult to fix during the post-placement implementation flow and could be the result of non-optimal XDC constraints or non-optimal design architecture
Related violations: <none>

TIMING-16#74 Warning
Large setup violation  
There is a large setup violation of -2.691 ns between eth_top_inst/ctrl_inst/sample_len_reg[25]/C (clocked by rx_clk) and ad9280_sample_m0/sample_len_d0_reg[25]/D (clocked by clk_out1_video_pll). Large setup violations at the end of those stages might be difficult to fix during the post-placement implementation flow and could be the result of non-optimal XDC constraints or non-optimal design architecture
Related violations: <none>

TIMING-16#75 Warning
Large setup violation  
There is a large setup violation of -2.693 ns between eth_top_inst/ctrl_inst/sample_len_reg[26]/C (clocked by rx_clk) and ad9280_sample_m0/sample_len_d0_reg[26]/D (clocked by clk_out1_video_pll). Large setup violations at the end of those stages might be difficult to fix during the post-placement implementation flow and could be the result of non-optimal XDC constraints or non-optimal design architecture
Related violations: <none>

TIMING-16#76 Warning
Large setup violation  
There is a large setup violation of -2.724 ns between eth_top_inst/ctrl_inst/sample_len_reg[23]/C (clocked by rx_clk) and ad9280_sample_m0/sample_len_d0_reg[23]/D (clocked by clk_out1_video_pll). Large setup violations at the end of those stages might be difficult to fix during the post-placement implementation flow and could be the result of non-optimal XDC constraints or non-optimal design architecture
Related violations: <none>

TIMING-16#77 Warning
Large setup violation  
There is a large setup violation of -2.736 ns between eth_top_inst/ctrl_inst/sample_len_reg[11]/C (clocked by rx_clk) and ad9280_sample_m0/sample_len_d0_reg[11]/D (clocked by clk_out1_video_pll). Large setup violations at the end of those stages might be difficult to fix during the post-placement implementation flow and could be the result of non-optimal XDC constraints or non-optimal design architecture
Related violations: <none>

TIMING-16#78 Warning
Large setup violation  
There is a large setup violation of -2.737 ns between eth_top_inst/ctrl_inst/sample_len_reg[14]/C (clocked by rx_clk) and ad9280_sample_m0/sample_len_d0_reg[14]/D (clocked by clk_out1_video_pll). Large setup violations at the end of those stages might be difficult to fix during the post-placement implementation flow and could be the result of non-optimal XDC constraints or non-optimal design architecture
Related violations: <none>

TIMING-16#79 Warning
Large setup violation  
There is a large setup violation of -2.742 ns between eth_top_inst/ctrl_inst/sample_len_reg[19]/C (clocked by rx_clk) and ad9280_sample_m0/sample_len_d0_reg[19]/D (clocked by clk_out1_video_pll). Large setup violations at the end of those stages might be difficult to fix during the post-placement implementation flow and could be the result of non-optimal XDC constraints or non-optimal design architecture
Related violations: <none>

TIMING-16#80 Warning
Large setup violation  
There is a large setup violation of -2.758 ns between eth_top_inst/ctrl_inst/sample_len_reg[15]/C (clocked by rx_clk) and ad9280_sample_m0/sample_len_d0_reg[15]/D (clocked by clk_out1_video_pll). Large setup violations at the end of those stages might be difficult to fix during the post-placement implementation flow and could be the result of non-optimal XDC constraints or non-optimal design architecture
Related violations: <none>

TIMING-16#81 Warning
Large setup violation  
There is a large setup violation of -2.770 ns between eth_top_inst/ctrl_inst/sample_len_reg[3]/C (clocked by rx_clk) and ad9280_sample_m0/sample_len_d0_reg[3]/D (clocked by clk_out1_video_pll). Large setup violations at the end of those stages might be difficult to fix during the post-placement implementation flow and could be the result of non-optimal XDC constraints or non-optimal design architecture
Related violations: <none>

TIMING-16#82 Warning
Large setup violation  
There is a large setup violation of -2.787 ns between eth_top_inst/ctrl_inst/sample_len_reg[22]/C (clocked by rx_clk) and ad9280_sample_m0/sample_len_d0_reg[22]/D (clocked by clk_out1_video_pll). Large setup violations at the end of those stages might be difficult to fix during the post-placement implementation flow and could be the result of non-optimal XDC constraints or non-optimal design architecture
Related violations: <none>

TIMING-16#83 Warning
Large setup violation  
There is a large setup violation of -2.803 ns between eth_top_inst/ctrl_inst/sample_len_reg[13]/C (clocked by rx_clk) and ad9280_sample_m0/sample_len_d0_reg[13]/D (clocked by clk_out1_video_pll). Large setup violations at the end of those stages might be difficult to fix during the post-placement implementation flow and could be the result of non-optimal XDC constraints or non-optimal design architecture
Related violations: <none>

TIMING-16#84 Warning
Large setup violation  
There is a large setup violation of -2.821 ns between eth_top_inst/ctrl_inst/sample_len_reg[8]/C (clocked by rx_clk) and ad9280_sample_m0/sample_len_d0_reg[8]/D (clocked by clk_out1_video_pll). Large setup violations at the end of those stages might be difficult to fix during the post-placement implementation flow and could be the result of non-optimal XDC constraints or non-optimal design architecture
Related violations: <none>

TIMING-16#85 Warning
Large setup violation  
There is a large setup violation of -2.854 ns between eth_top_inst/ctrl_inst/sample_len_reg[10]/C (clocked by rx_clk) and ad9280_sample_m0/sample_len_d0_reg[10]/D (clocked by clk_out1_video_pll). Large setup violations at the end of those stages might be difficult to fix during the post-placement implementation flow and could be the result of non-optimal XDC constraints or non-optimal design architecture
Related violations: <none>

TIMING-18#1 Warning
Missing input or output delay  
An input delay is missing on e_mdio relative to clock(s) rx_clk
Related violations: <none>

TIMING-18#2 Warning
Missing input or output delay  
An input delay is missing on rgmii_rxctl relative to clock(s) rx_clk
Related violations: <none>

TIMING-18#3 Warning
Missing input or output delay  
An input delay is missing on rgmii_rxd[0] relative to clock(s) rx_clk
Related violations: <none>

TIMING-18#4 Warning
Missing input or output delay  
An input delay is missing on rgmii_rxd[1] relative to clock(s) rx_clk
Related violations: <none>

TIMING-18#5 Warning
Missing input or output delay  
An input delay is missing on rgmii_rxd[2] relative to clock(s) rx_clk
Related violations: <none>

TIMING-18#6 Warning
Missing input or output delay  
An input delay is missing on rgmii_rxd[3] relative to clock(s) rx_clk
Related violations: <none>

TIMING-18#7 Warning
Missing input or output delay  
An input delay is missing on rst_n relative to clock(s) rx_clk, sys_clk
Related violations: <none>

TIMING-18#8 Warning
Missing input or output delay  
An output delay is missing on e_mdc relative to clock(s) rx_clk
Related violations: <none>

TIMING-18#9 Warning
Missing input or output delay  
An output delay is missing on e_reset relative to clock(s) sys_clk
Related violations: <none>

TIMING-18#10 Warning
Missing input or output delay  
An output delay is missing on rgmii_txc relative to clock(s) rx_clk
Related violations: <none>

TIMING-18#11 Warning
Missing input or output delay  
An output delay is missing on rgmii_txctl relative to clock(s) rx_clk
Related violations: <none>

TIMING-18#12 Warning
Missing input or output delay  
An output delay is missing on rgmii_txd[0] relative to clock(s) rx_clk
Related violations: <none>

TIMING-18#13 Warning
Missing input or output delay  
An output delay is missing on rgmii_txd[1] relative to clock(s) rx_clk
Related violations: <none>

TIMING-18#14 Warning
Missing input or output delay  
An output delay is missing on rgmii_txd[2] relative to clock(s) rx_clk
Related violations: <none>

TIMING-18#15 Warning
Missing input or output delay  
An output delay is missing on rgmii_txd[3] relative to clock(s) rx_clk
Related violations: <none>

TIMING-24#1 Warning
Overridden Max delay datapath only  
A set_clock_groups or a set_false path (see constraint position 14 in the Timing Constraints window in Vivado IDE) between clocks clk_pll_i and clk_out1_video_pll overrides a set_max_delay -datapath_only (position 20). It is not recommended to override a set_max_delay -datapath_only constraint. Replace the set_clock_groups or set_false_path between clocks with point-to-point set_false_path constraints
Related violations: <none>

TIMING-24#2 Warning
Overridden Max delay datapath only  
A set_clock_groups or a set_false path (see constraint position 15 in the Timing Constraints window in Vivado IDE) between clocks clk_out1_video_pll and clk_pll_i overrides a set_max_delay -datapath_only (position 18). It is not recommended to override a set_max_delay -datapath_only constraint. Replace the set_clock_groups or set_false_path between clocks with point-to-point set_false_path constraints
Related violations: <none>

TIMING-27#1 Warning
Invalid primary clock on hierarchical pin  
A primary clock clk_ref_m0/inst/clk_in1 is created on an inappropriate internal pin clk_ref_m0/inst/clk_in1. It is not recommended to create a primary clock on a hierarchical pin when its driver pin has a fanout connected to multiple clock pins
Related violations: <none>

TIMING-28#1 Warning
Auto-derived clock referenced by a timing constraint  
The auto-derived clock clk_out1_video_pll is referenced by name inside timing constraint (see constraint position 14 in the Timing Constraint window in Vivado IDE). It is recommended to reference an auto-derived clock by the pin name attached to the clock: get_clocks -of_objects [get_pins video_pll_m0/inst/mmcm_adv_inst/CLKOUT0]
Related violations: <none>

TIMING-28#2 Warning
Auto-derived clock referenced by a timing constraint  
The auto-derived clock clk_out1_video_pll is referenced by name inside timing constraint (see constraint position 15 in the Timing Constraint window in Vivado IDE). It is recommended to reference an auto-derived clock by the pin name attached to the clock: get_clocks -of_objects [get_pins video_pll_m0/inst/mmcm_adv_inst/CLKOUT0]
Related violations: <none>

TIMING-28#3 Warning
Auto-derived clock referenced by a timing constraint  
The auto-derived clock clk_pll_i is referenced by name inside timing constraint (see constraint position 14 in the Timing Constraint window in Vivado IDE). It is recommended to reference an auto-derived clock by the pin name attached to the clock: get_clocks -of_objects [get_pins u_ddr3/u_ddr3_mig/u_ddr3_infrastructure/gen_mmcm.mmcm_i/CLKFBOUT]
Related violations: <none>

TIMING-28#4 Warning
Auto-derived clock referenced by a timing constraint  
The auto-derived clock clk_pll_i is referenced by name inside timing constraint (see constraint position 15 in the Timing Constraint window in Vivado IDE). It is recommended to reference an auto-derived clock by the pin name attached to the clock: get_clocks -of_objects [get_pins u_ddr3/u_ddr3_mig/u_ddr3_infrastructure/gen_mmcm.mmcm_i/CLKFBOUT]
Related violations: <none>

XDCB-5#1 Warning
Runtime inefficient way to find pin objects  
The option '-through : [get_pins -hier -filter {NAME =~ */u_iodelay_ctrl/sys_rst}]' of constraint 'set_false_path' uses inefficient query to find pin objects (see constraint position '8' in the Timing Constraint window in Vivado IDE). To reduce runtime, it is recommended to get the pins through the cell objects. Please refer to Using Constraints Guide (Constraints Efficiency). An example of optimal query is: get_pins -filter {REF_PIN_NAME=~yy*} -of_objects [get_cells -hierarchical xx*].
Current XDC: d:/AX7035/23_ad9280_ethernet/ad9280_ethernet/ad9280_ethernet.srcs/sources_1/ip/ddr3/ddr3/user_design/constraints/ddr3.xdc (Line: 343)
Related violations: <none>

REQP-1959#1 Advisory
connects_SERDES_RST_driver_not_FF  
u_ddr3/u_ddr3_mig/u_memc_ui_top_axi/mem_intfc0/ddr_phy_top0/u_ddr_mc_phy_wrapper/u_ddr_mc_phy/ddr_phy_4lanes_0.u_ddr_phy_4lanes/ddr_byte_lane_C.ddr_byte_lane_C/ddr_byte_group_io/input_[1].iserdes_dq_.iserdesdq: The RST pin should only be driven by a Flip-flop.
Related violations: <none>

REQP-1959#2 Advisory
connects_SERDES_RST_driver_not_FF  
u_ddr3/u_ddr3_mig/u_memc_ui_top_axi/mem_intfc0/ddr_phy_top0/u_ddr_mc_phy_wrapper/u_ddr_mc_phy/ddr_phy_4lanes_0.u_ddr_phy_4lanes/ddr_byte_lane_C.ddr_byte_lane_C/ddr_byte_group_io/input_[2].iserdes_dq_.iserdesdq: The RST pin should only be driven by a Flip-flop.
Related violations: <none>

REQP-1959#3 Advisory
connects_SERDES_RST_driver_not_FF  
u_ddr3/u_ddr3_mig/u_memc_ui_top_axi/mem_intfc0/ddr_phy_top0/u_ddr_mc_phy_wrapper/u_ddr_mc_phy/ddr_phy_4lanes_0.u_ddr_phy_4lanes/ddr_byte_lane_C.ddr_byte_lane_C/ddr_byte_group_io/input_[3].iserdes_dq_.iserdesdq: The RST pin should only be driven by a Flip-flop.
Related violations: <none>

REQP-1959#4 Advisory
connects_SERDES_RST_driver_not_FF  
u_ddr3/u_ddr3_mig/u_memc_ui_top_axi/mem_intfc0/ddr_phy_top0/u_ddr_mc_phy_wrapper/u_ddr_mc_phy/ddr_phy_4lanes_0.u_ddr_phy_4lanes/ddr_byte_lane_C.ddr_byte_lane_C/ddr_byte_group_io/input_[4].iserdes_dq_.iserdesdq: The RST pin should only be driven by a Flip-flop.
Related violations: <none>

REQP-1959#5 Advisory
connects_SERDES_RST_driver_not_FF  
u_ddr3/u_ddr3_mig/u_memc_ui_top_axi/mem_intfc0/ddr_phy_top0/u_ddr_mc_phy_wrapper/u_ddr_mc_phy/ddr_phy_4lanes_0.u_ddr_phy_4lanes/ddr_byte_lane_C.ddr_byte_lane_C/ddr_byte_group_io/input_[5].iserdes_dq_.iserdesdq: The RST pin should only be driven by a Flip-flop.
Related violations: <none>

REQP-1959#6 Advisory
connects_SERDES_RST_driver_not_FF  
u_ddr3/u_ddr3_mig/u_memc_ui_top_axi/mem_intfc0/ddr_phy_top0/u_ddr_mc_phy_wrapper/u_ddr_mc_phy/ddr_phy_4lanes_0.u_ddr_phy_4lanes/ddr_byte_lane_C.ddr_byte_lane_C/ddr_byte_group_io/input_[6].iserdes_dq_.iserdesdq: The RST pin should only be driven by a Flip-flop.
Related violations: <none>

REQP-1959#7 Advisory
connects_SERDES_RST_driver_not_FF  
u_ddr3/u_ddr3_mig/u_memc_ui_top_axi/mem_intfc0/ddr_phy_top0/u_ddr_mc_phy_wrapper/u_ddr_mc_phy/ddr_phy_4lanes_0.u_ddr_phy_4lanes/ddr_byte_lane_C.ddr_byte_lane_C/ddr_byte_group_io/input_[7].iserdes_dq_.iserdesdq: The RST pin should only be driven by a Flip-flop.
Related violations: <none>

REQP-1959#8 Advisory
connects_SERDES_RST_driver_not_FF  
u_ddr3/u_ddr3_mig/u_memc_ui_top_axi/mem_intfc0/ddr_phy_top0/u_ddr_mc_phy_wrapper/u_ddr_mc_phy/ddr_phy_4lanes_0.u_ddr_phy_4lanes/ddr_byte_lane_C.ddr_byte_lane_C/ddr_byte_group_io/input_[9].iserdes_dq_.iserdesdq: The RST pin should only be driven by a Flip-flop.
Related violations: <none>

REQP-1959#9 Advisory
connects_SERDES_RST_driver_not_FF  
u_ddr3/u_ddr3_mig/u_memc_ui_top_axi/mem_intfc0/ddr_phy_top0/u_ddr_mc_phy_wrapper/u_ddr_mc_phy/ddr_phy_4lanes_0.u_ddr_phy_4lanes/ddr_byte_lane_D.ddr_byte_lane_D/ddr_byte_group_io/input_[1].iserdes_dq_.iserdesdq: The RST pin should only be driven by a Flip-flop.
Related violations: <none>

REQP-1959#10 Advisory
connects_SERDES_RST_driver_not_FF  
u_ddr3/u_ddr3_mig/u_memc_ui_top_axi/mem_intfc0/ddr_phy_top0/u_ddr_mc_phy_wrapper/u_ddr_mc_phy/ddr_phy_4lanes_0.u_ddr_phy_4lanes/ddr_byte_lane_D.ddr_byte_lane_D/ddr_byte_group_io/input_[2].iserdes_dq_.iserdesdq: The RST pin should only be driven by a Flip-flop.
Related violations: <none>

REQP-1959#11 Advisory
connects_SERDES_RST_driver_not_FF  
u_ddr3/u_ddr3_mig/u_memc_ui_top_axi/mem_intfc0/ddr_phy_top0/u_ddr_mc_phy_wrapper/u_ddr_mc_phy/ddr_phy_4lanes_0.u_ddr_phy_4lanes/ddr_byte_lane_D.ddr_byte_lane_D/ddr_byte_group_io/input_[3].iserdes_dq_.iserdesdq: The RST pin should only be driven by a Flip-flop.
Related violations: <none>

REQP-1959#12 Advisory
connects_SERDES_RST_driver_not_FF  
u_ddr3/u_ddr3_mig/u_memc_ui_top_axi/mem_intfc0/ddr_phy_top0/u_ddr_mc_phy_wrapper/u_ddr_mc_phy/ddr_phy_4lanes_0.u_ddr_phy_4lanes/ddr_byte_lane_D.ddr_byte_lane_D/ddr_byte_group_io/input_[4].iserdes_dq_.iserdesdq: The RST pin should only be driven by a Flip-flop.
Related violations: <none>

REQP-1959#13 Advisory
connects_SERDES_RST_driver_not_FF  
u_ddr3/u_ddr3_mig/u_memc_ui_top_axi/mem_intfc0/ddr_phy_top0/u_ddr_mc_phy_wrapper/u_ddr_mc_phy/ddr_phy_4lanes_0.u_ddr_phy_4lanes/ddr_byte_lane_D.ddr_byte_lane_D/ddr_byte_group_io/input_[6].iserdes_dq_.iserdesdq: The RST pin should only be driven by a Flip-flop.
Related violations: <none>

REQP-1959#14 Advisory
connects_SERDES_RST_driver_not_FF  
u_ddr3/u_ddr3_mig/u_memc_ui_top_axi/mem_intfc0/ddr_phy_top0/u_ddr_mc_phy_wrapper/u_ddr_mc_phy/ddr_phy_4lanes_0.u_ddr_phy_4lanes/ddr_byte_lane_D.ddr_byte_lane_D/ddr_byte_group_io/input_[7].iserdes_dq_.iserdesdq: The RST pin should only be driven by a Flip-flop.
Related violations: <none>

REQP-1959#15 Advisory
connects_SERDES_RST_driver_not_FF  
u_ddr3/u_ddr3_mig/u_memc_ui_top_axi/mem_intfc0/ddr_phy_top0/u_ddr_mc_phy_wrapper/u_ddr_mc_phy/ddr_phy_4lanes_0.u_ddr_phy_4lanes/ddr_byte_lane_D.ddr_byte_lane_D/ddr_byte_group_io/input_[8].iserdes_dq_.iserdesdq: The RST pin should only be driven by a Flip-flop.
Related violations: <none>

REQP-1959#16 Advisory
connects_SERDES_RST_driver_not_FF  
u_ddr3/u_ddr3_mig/u_memc_ui_top_axi/mem_intfc0/ddr_phy_top0/u_ddr_mc_phy_wrapper/u_ddr_mc_phy/ddr_phy_4lanes_0.u_ddr_phy_4lanes/ddr_byte_lane_D.ddr_byte_lane_D/ddr_byte_group_io/input_[9].iserdes_dq_.iserdesdq: The RST pin should only be driven by a Flip-flop.
Related violations: <none>


