Copyright 1986-2017 Xilinx, Inc. All Rights Reserved.
------------------------------------------------------------------------------------
| Tool Version : Vivado v.2017.4 (win64) Build 2086221 Fri Dec 15 20:55:39 MST 2017
| Date         : Thu Sep 20 10:37:00 2018
| Host         : PC-201805041311 running 64-bit major release  (build 9200)
| Command      : report_control_sets -verbose -file top_control_sets_placed.rpt
| Design       : top
| Device       : xc7a35t
------------------------------------------------------------------------------------

Control Set Information

Table of Contents
-----------------
1. Summary
2. Flip-Flop Distribution
3. Detailed Control Set Information

1. Summary
----------

+----------------------------------------------------------+-------+
|                          Status                          | Count |
+----------------------------------------------------------+-------+
| Number of unique control sets                            |    50 |
| Unused register locations in slices containing registers |   128 |
+----------------------------------------------------------+-------+


2. Flip-Flop Distribution
-------------------------

+--------------+-----------------------+------------------------+-----------------+--------------+
| Clock Enable | Synchronous Set/Reset | Asynchronous Set/Reset | Total Registers | Total Slices |
+--------------+-----------------------+------------------------+-----------------+--------------+
| No           | No                    | No                     |              98 |           32 |
| No           | No                    | Yes                    |             105 |           44 |
| No           | Yes                   | No                     |              20 |            8 |
| Yes          | No                    | No                     |              52 |           15 |
| Yes          | No                    | Yes                    |             447 |          142 |
| Yes          | Yes                   | No                     |              22 |            7 |
+--------------+-----------------------+------------------------+-----------------+--------------+


3. Detailed Control Set Information
-----------------------------------

+--------------------+---------------------------------------------------------------------------------------------------------+-----------------------------------------------------------------------------------------------------------------------------------------------------+------------------+----------------+
|    Clock Signal    |                                              Enable Signal                                              |                                                                   Set/Reset Signal                                                                  | Slice Load Count | Bel Load Count |
+--------------------+---------------------------------------------------------------------------------------------------------+-----------------------------------------------------------------------------------------------------------------------------------------------------+------------------+----------------+
|  sys_clk_IBUF_BUFG | sd_card_audio_m0/sd_card_top_m0/sd_card_cmd_m0/CS_reg                                                   | sd_card_audio_m0/sd_card_top_m0/sd_card_sec_read_write_m0/AR[0]                                                                                     |                1 |              1 |
|  sys_clk_IBUF_BUFG |                                                                                                         | sd_card_audio_m0/audio_buf/U0/inst_fifo_gen/gconvfifo.rf/grf.rf/rstblk/rst_d2                                                                       |                1 |              2 |
|  sys_clk_IBUF_BUFG |                                                                                                         | sd_card_audio_m0/audio_buf/U0/inst_fifo_gen/gconvfifo.rf/grf.rf/rstblk/AS[0]                                                                        |                1 |              2 |
|  sys_clk_IBUF_BUFG | sd_card_audio_m0/wav_read_m0/state_code[1]_i_1_n_0                                                      | sd_card_audio_m0/sd_card_top_m0/sd_card_sec_read_write_m0/AR[0]                                                                                     |                1 |              2 |
|  sys_clk_IBUF_BUFG |                                                                                                         | sd_card_audio_m0/audio_buf/U0/inst_fifo_gen/gconvfifo.rf/grf.rf/rstblk/ngwrdrst.grst.g7serrst.gnsckt_wrst.gic_rst.rst_rd_reg2_inst/arststages_ff[1] |                1 |              3 |
|  sys_clk_IBUF_BUFG | i2c_config_m0/i2c_master_top_m0/byte_controller/bit_controller/cnt[6]_i_1_n_0                           |                                                                                                                                                     |                3 |              4 |
|  sys_clk_IBUF_BUFG | sd_card_audio_m0/sd_card_top_m0/sd_card_sec_read_write_m0/FSM_sequential_state_reg[3]_i_1_n_0           | sd_card_audio_m0/sd_card_top_m0/sd_card_sec_read_write_m0/AR[0]                                                                                     |                1 |              4 |
|  sys_clk_IBUF_BUFG | i2c_config_m0/i2c_master_top_m0/byte_controller/bit_controller/c_state                                  | i2c_config_m0/i2c_master_top_m0/byte_controller/core_cmd[3]_i_1_n_0                                                                                 |                2 |              4 |
|  sys_clk_IBUF_BUFG | sd_card_audio_m0/sd_card_top_m0/sd_card_cmd_m0/FSM_sequential_state[4]_i_1_n_0                          | sd_card_audio_m0/sd_card_top_m0/sd_card_sec_read_write_m0/AR[0]                                                                                     |                3 |              5 |
|  sys_clk_IBUF_BUFG |                                                                                                         | i2c_config_m0/i2c_master_top_m0/byte_controller/bit_controller/c_state1                                                                             |                3 |              5 |
|  sys_clk_IBUF_BUFG | i2c_config_m0/i2c_master_top_m0/byte_controller/bit_controller/FSM_sequential_c_state[4]_i_1_n_0        |                                                                                                                                                     |                2 |              5 |
|  sys_clk_IBUF_BUFG | sd_card_audio_m0/sd_card_top_m0/spi_master_m0/clk_edge_cnt[4]_i_1_n_0                                   | sd_card_audio_m0/sd_card_top_m0/sd_card_sec_read_write_m0/AR[0]                                                                                     |                5 |              6 |
|  sys_clk_IBUF_BUFG | i2c_config_m0/i2c_master_top_m0/byte_controller/bit_controller/fSDA                                     | sd_card_audio_m0/sd_card_top_m0/sd_card_sec_read_write_m0/AR[0]                                                                                     |                1 |              6 |
|  sys_clk_IBUF_BUFG | sd_card_audio_m0/wav_read_m0/header_0[7]_i_1_n_0                                                        | sd_card_audio_m0/sd_card_top_m0/sd_card_sec_read_write_m0/AR[0]                                                                                     |                2 |              8 |
|  sys_clk_IBUF_BUFG | sd_card_audio_m0/wav_read_m0/wav_data[7]_i_1_n_0                                                        | sd_card_audio_m0/sd_card_top_m0/sd_card_sec_read_write_m0/AR[0]                                                                                     |                3 |              8 |
|  sys_clk_IBUF_BUFG | sd_card_audio_m0/wav_read_m0/file_len[31]_i_1_n_0                                                       | sd_card_audio_m0/sd_card_top_m0/sd_card_sec_read_write_m0/AR[0]                                                                                     |                3 |              8 |
|  sys_clk_IBUF_BUFG | sd_card_audio_m0/wav_read_m0/file_len[15]_i_1_n_0                                                       | sd_card_audio_m0/sd_card_top_m0/sd_card_sec_read_write_m0/AR[0]                                                                                     |                2 |              8 |
|  sys_clk_IBUF_BUFG | sd_card_audio_m0/wav_read_m0/header_1[7]_i_1_n_0                                                        | sd_card_audio_m0/sd_card_top_m0/sd_card_sec_read_write_m0/AR[0]                                                                                     |                2 |              8 |
|  sys_clk_IBUF_BUFG | sd_card_audio_m0/wav_read_m0/file_len[23]_i_1_n_0                                                       | sd_card_audio_m0/sd_card_top_m0/sd_card_sec_read_write_m0/AR[0]                                                                                     |                2 |              8 |
|  sys_clk_IBUF_BUFG | sd_card_audio_m0/wav_read_m0/file_len[7]_i_1_n_0                                                        | sd_card_audio_m0/sd_card_top_m0/sd_card_sec_read_write_m0/AR[0]                                                                                     |                2 |              8 |
|  sys_clk_IBUF_BUFG | sd_card_audio_m0/wav_read_m0/header_5[7]_i_1_n_0                                                        |                                                                                                                                                     |                2 |              8 |
|  sys_clk_IBUF_BUFG | sd_card_audio_m0/wav_read_m0/header_3[7]_i_1_n_0                                                        | sd_card_audio_m0/sd_card_top_m0/sd_card_sec_read_write_m0/AR[0]                                                                                     |                2 |              8 |
|  sys_clk_IBUF_BUFG | sd_card_audio_m0/wav_read_m0/header_6[7]_i_1_n_0                                                        |                                                                                                                                                     |                2 |              8 |
|  sys_clk_IBUF_BUFG | sd_card_audio_m0/wav_read_m0/header_2[7]_i_1_n_0                                                        | sd_card_audio_m0/sd_card_top_m0/sd_card_sec_read_write_m0/AR[0]                                                                                     |                1 |              8 |
|  sys_clk_IBUF_BUFG | sd_card_audio_m0/wav_read_m0/header_4[7]_i_1_n_0                                                        |                                                                                                                                                     |                1 |              8 |
|  sys_clk_IBUF_BUFG | sd_card_audio_m0/wav_read_m0/header_7[7]_i_1_n_0                                                        |                                                                                                                                                     |                2 |              8 |
|  sys_clk_IBUF_BUFG | sd_card_audio_m0/sd_card_top_m0/spi_master_m0/MISO_shift[7]_i_1_n_0                                     | sd_card_audio_m0/sd_card_top_m0/sd_card_sec_read_write_m0/AR[0]                                                                                     |                2 |              8 |
|  sys_clk_IBUF_BUFG | sd_card_audio_m0/sd_card_top_m0/sd_card_cmd_m0/block_read_data0                                         | sd_card_audio_m0/sd_card_top_m0/sd_card_sec_read_write_m0/AR[0]                                                                                     |                5 |              8 |
|  sys_clk_IBUF_BUFG | sd_card_audio_m0/sd_card_top_m0/sd_card_cmd_m0/send_data_0                                              | sd_card_audio_m0/sd_card_top_m0/sd_card_sec_read_write_m0/AR[0]                                                                                     |                3 |              8 |
|  sys_clk_IBUF_BUFG | sd_card_audio_m0/sd_card_top_m0/spi_master_m0/MOSI_shift[7]_i_1_n_0                                     | sd_card_audio_m0/sd_card_top_m0/sd_card_sec_read_write_m0/AR[0]                                                                                     |                3 |              9 |
|  sys_clk_IBUF_BUFG |                                                                                                         | sd_card_audio_m0/audio_buf/U0/inst_fifo_gen/gconvfifo.rf/grf.rf/rstblk/ngwrdrst.grst.g7serrst.gnsckt_wrst.rst_wr_reg2_inst/arststages_ff[1]         |                2 |              9 |
|  sys_clk_IBUF_BUFG | sd_card_audio_m0/wav_read_m0/rd_cnt                                                                     | sd_card_audio_m0/sd_card_top_m0/sd_card_sec_read_write_m0/AR[0]                                                                                     |                6 |             10 |
|  sys_clk_IBUF_BUFG |                                                                                                         | sd_card_audio_m0/audio_buf/U0/inst_fifo_gen/gconvfifo.rf/grf.rf/rstblk/AR[0]                                                                        |                3 |             10 |
|  sys_clk_IBUF_BUFG | i2c_config_m0/i2c_master_top_m0/E[0]                                                                    | sd_card_audio_m0/sd_card_top_m0/sd_card_sec_read_write_m0/AR[0]                                                                                     |                5 |             10 |
|  sys_clk_IBUF_BUFG | sd_card_audio_m0/sd_card_top_m0/sd_card_cmd_m0/wr_data_cnt                                              | sd_card_audio_m0/sd_card_top_m0/sd_card_sec_read_write_m0/AR[0]                                                                                     |                4 |             10 |
|  sys_clk_IBUF_BUFG |                                                                                                         | i2c_config_m0/i2c_master_top_m0/byte_controller/bit_controller/fSDA                                                                                 |                4 |             11 |
|  sys_clk_IBUF_BUFG | i2c_config_m0/i2c_master_top_m0/byte_controller/dcnt                                                    |                                                                                                                                                     |                3 |             11 |
|  sys_clk_IBUF_BUFG | i2c_config_m0/i2c_master_top_m0/byte_controller/bit_controller/cnt[15]_i_2_n_0                          | i2c_config_m0/i2c_master_top_m0/byte_controller/bit_controller/cnt1                                                                                 |                4 |             12 |
|  sys_clk_IBUF_BUFG | sd_card_audio_m0/sd_card_top_m0/sd_card_cmd_m0/byte_cnt                                                 | sd_card_audio_m0/sd_card_top_m0/sd_card_sec_read_write_m0/AR[0]                                                                                     |               11 |             16 |
|  sys_clk_IBUF_BUFG | sd_card_audio_m0/audio_buf/U0/inst_fifo_gen/gconvfifo.rf/grf.rf/gntv_or_sync_fifo.gl0.rd/gras.rsts/E[0] | sd_card_audio_m0/audio_buf/U0/inst_fifo_gen/gconvfifo.rf/grf.rf/rstblk/AS[0]                                                                        |                3 |             16 |
|  sys_clk_IBUF_BUFG | sd_card_audio_m0/wav_read_m0/sd_sec_read_addr[31]_i_1_n_0                                               | sd_card_audio_m0/sd_card_top_m0/sd_card_sec_read_write_m0/AR[0]                                                                                     |                9 |             29 |
|  sys_clk_IBUF_BUFG | sd_card_audio_m0/audio_buf/U0/inst_fifo_gen/gconvfifo.rf/grf.rf/gntv_or_sync_fifo.gl0.wr/gwas.wsts/E[0] | sd_card_audio_m0/audio_buf/U0/inst_fifo_gen/gconvfifo.rf/grf.rf/rstblk/AR[0]                                                                        |                6 |             30 |
|  sys_clk_IBUF_BUFG | sd_card_audio_m0/wav_read_m0/play_cnt[31]_i_1_n_0                                                       | sd_card_audio_m0/sd_card_top_m0/sd_card_sec_read_write_m0/AR[0]                                                                                     |               11 |             32 |
|  sys_clk_IBUF_BUFG | sd_card_audio_m0/audio_tx_m0/left_data_shift[31]_i_1_n_0                                                | sd_card_audio_m0/sd_card_top_m0/sd_card_sec_read_write_m0/AR[0]                                                                                     |                5 |             32 |
|  sys_clk_IBUF_BUFG | sd_card_audio_m0/audio_tx_m0/right_data_shift[31]_i_1_n_0                                               | sd_card_audio_m0/sd_card_top_m0/sd_card_sec_read_write_m0/AR[0]                                                                                     |                4 |             32 |
|  sys_clk_IBUF_BUFG | sd_card_audio_m0/ax_debounce_m0/q_reg[31]_i_1_n_0                                                       | sd_card_audio_m0/sd_card_top_m0/sd_card_sec_read_write_m0/AR[0]                                                                                     |                8 |             32 |
|  sys_clk_IBUF_BUFG | sd_card_audio_m0/sd_card_top_m0/sd_card_sec_read_write_m0/sec_addr                                      | sd_card_audio_m0/sd_card_top_m0/sd_card_sec_read_write_m0/AR[0]                                                                                     |               10 |             32 |
|  sys_clk_IBUF_BUFG | sd_card_audio_m0/sd_card_top_m0/sd_card_sec_read_write_m0/cmd_r1[0]_i_1_n_0                             | sd_card_audio_m0/sd_card_top_m0/sd_card_sec_read_write_m0/AR[0]                                                                                     |               17 |             43 |
|  sys_clk_IBUF_BUFG |                                                                                                         | sd_card_audio_m0/sd_card_top_m0/sd_card_sec_read_write_m0/AR[0]                                                                                     |               37 |             83 |
|  sys_clk_IBUF_BUFG |                                                                                                         |                                                                                                                                                     |               32 |             98 |
+--------------------+---------------------------------------------------------------------------------------------------------+-----------------------------------------------------------------------------------------------------------------------------------------------------+------------------+----------------+


+--------+-----------------------+
| Fanout | Number of ControlSets |
+--------+-----------------------+
| 1      |                     1 |
| 2      |                     3 |
| 3      |                     1 |
| 4      |                     3 |
| 5      |                     3 |
| 6      |                     2 |
| 8      |                    16 |
| 9      |                     2 |
| 10     |                     4 |
| 11     |                     2 |
| 12     |                     1 |
| 16+    |                    12 |
+--------+-----------------------+


