Copyright 1986-2017 Xilinx, Inc. All Rights Reserved.
-------------------------------------------------------------------------------------------
| Tool Version : Vivado v.2017.4 (win64) Build 2086221 Fri Dec 15 20:55:39 MST 2017
| Date         : Tue Sep 18 16:19:49 2018
| Host         : PC-201805041311 running 64-bit major release  (build 9200)
| Command      : report_control_sets -verbose -file video_ethernet_control_sets_placed.rpt
| Design       : video_ethernet
| Device       : xc7a35t
-------------------------------------------------------------------------------------------

Control Set Information

Table of Contents
-----------------
1. Summary
2. Flip-Flop Distribution
3. Detailed Control Set Information

1. Summary
----------

+----------------------------------------------------------+-------+
|                          Status                          | Count |
+----------------------------------------------------------+-------+
| Number of unique control sets                            |   116 |
| Unused register locations in slices containing registers |   126 |
+----------------------------------------------------------+-------+


2. Flip-Flop Distribution
-------------------------

+--------------+-----------------------+------------------------+-----------------+--------------+
| Clock Enable | Synchronous Set/Reset | Asynchronous Set/Reset | Total Registers | Total Slices |
+--------------+-----------------------+------------------------+-----------------+--------------+
| No           | No                    | No                     |             220 |           79 |
| No           | No                    | Yes                    |             875 |          294 |
| No           | Yes                   | No                     |              95 |           38 |
| Yes          | No                    | No                     |              53 |           21 |
| Yes          | No                    | Yes                    |            1174 |          288 |
| Yes          | Yes                   | No                     |             145 |           38 |
+--------------+-----------------------+------------------------+-----------------+--------------+


3. Detailed Control Set Information
-----------------------------------

+----------------------------------+--------------------------------------------------------------------------------------------------------------------+-----------------------------------------------------------------------------------------+------------------+----------------+
|           Clock Signal           |                                                    Enable Signal                                                   |                                     Set/Reset Signal                                    | Slice Load Count | Bel Load Count |
+----------------------------------+--------------------------------------------------------------------------------------------------------------------+-----------------------------------------------------------------------------------------+------------------+----------------+
|  sys_clk_IBUF_BUFG               |                                                                                                                    | reset_m0/cnt[27]_i_1_n_0                                                                |                1 |              2 |
|  cmos_select_inst/cmos_pclk_BUFG |                                                                                                                    | camera_fifo_inst/U0/inst_fifo_gen/gconvfifo.rf/grf.rf/rstblk/syncstages_ff_reg[0]       |                2 |              3 |
|  util_gmii_to_rgmii_m0/CLK       | miim_top_m0/miim_inst/data_bit_position[3]_i_2_n_0                                                                 | miim_top_m0/miim_inst/data_bit_position[3]_i_1_n_0                                      |                1 |              4 |
|  sys_clk_IBUF_BUFG               | i2c_config_m0/i2c_master_top_m0/byte_controller/bit_controller/c_state                                             | i2c_config_m0/i2c_master_top_m0/byte_controller/core_cmd[3]_i_1_n_0                     |                2 |              4 |
|  util_gmii_to_rgmii_m0/CLK       | miim_top_m0/miim_control_inst/state[3]_i_1__4_n_0                                                                  |                                                                                         |                2 |              4 |
|  util_gmii_to_rgmii_m0/CLK       | mac_test0/mac_top0/mac_rx0/mac0/preamble_cnt[3]_i_1_n_0                                                            | mac_test0/mac_top0/udp_tx_data_reg[0]                                                   |                1 |              4 |
|  util_gmii_to_rgmii_m0/CLK       | mac_test0/mac_top0/mac_rx0/ip0/header_length_buf0                                                                  | mac_test0/mac_top0/udp_tx_data_reg[0]                                                   |                2 |              4 |
|  util_gmii_to_rgmii_m0/CLK       | miim_top_m0/miim_control_inst/after_ack_state[3]_i_1_n_0                                                           |                                                                                         |                1 |              4 |
|  util_gmii_to_rgmii_m0/CLK       | miim_top_m0/miim_inst/FSM_sequential_state[3]_i_1_n_0                                                              |                                                                                         |                2 |              4 |
|  util_gmii_to_rgmii_m0/CLK       | miim_top_m0/miim_control_inst/miim_data_write_o[12]_i_1_n_0                                                        |                                                                                         |                1 |              4 |
|  sys_clk_IBUF_BUFG               | i2c_config_m1/i2c_master_top_m0/byte_controller/bit_controller/c_state                                             | i2c_config_m1/i2c_master_top_m0/byte_controller/core_cmd[3]_i_1_n_0                     |                2 |              4 |
|  sys_clk_IBUF_BUFG               | i2c_config_m0/i2c_master_top_m0/byte_controller/bit_controller/FSM_sequential_c_state[4]_i_1_n_0                   |                                                                                         |                3 |              5 |
|  sys_clk_IBUF_BUFG               |                                                                                                                    | i2c_config_m1/i2c_master_top_m0/byte_controller/bit_controller/c_state1                 |                4 |              5 |
|  sys_clk_IBUF_BUFG               |                                                                                                                    | i2c_config_m0/i2c_master_top_m0/byte_controller/bit_controller/c_state1                 |                2 |              5 |
|  util_gmii_to_rgmii_m0/CLK       | miim_top_m0/miim_control_inst/register_address[4]_i_1_n_0                                                          |                                                                                         |                3 |              5 |
|  sys_clk_IBUF_BUFG               | i2c_config_m1/i2c_master_top_m0/byte_controller/bit_controller/FSM_sequential_c_state[4]_i_1__0_n_0                |                                                                                         |                2 |              5 |
|  sys_clk_IBUF_BUFG               | i2c_config_m0/i2c_master_top_m0/byte_controller/bit_controller/fSDA                                                | mac_test0/mac_top0/udp_tx_data_reg[0]                                                   |                2 |              6 |
|  sys_clk_IBUF_BUFG               |                                                                                                                    | i2c_config_m1/i2c_master_top_m0/byte_controller/bit_controller/filter_cnt[6]_i_1__0_n_0 |                2 |              6 |
|  sys_clk_IBUF_BUFG               |                                                                                                                    | i2c_config_m0/i2c_master_top_m0/byte_controller/bit_controller/filter_cnt[6]_i_1_n_0    |                3 |              6 |
|  util_gmii_to_rgmii_m0/CLK       | miim_top_m0/miim_inst/command_bit_position[5]_i_2_n_0                                                              | miim_top_m0/miim_inst/command_bit_position[5]_i_1_n_0                                   |                3 |              6 |
|  sys_clk_IBUF_BUFG               | i2c_config_m1/i2c_master_top_m0/byte_controller/bit_controller/fSDA                                                | mac_test0/mac_top0/udp_tx_data_reg[0]                                                   |                3 |              6 |
|  util_gmii_to_rgmii_m0/CLK       | mac_test0/mac_top0/icmp0/icmp_seq[7]_i_1_n_0                                                                       | mac_test0/mac_top0/udp_tx_data_reg[0]                                                   |                2 |              8 |
|  util_gmii_to_rgmii_m0/CLK       | mac_test0/mac_top0/mac_rx0/arp0/arp_rec_source_ip_addr[15]_i_1_n_0                                                 | mac_test0/mac_top0/udp_tx_data_reg[0]                                                   |                2 |              8 |
|  util_gmii_to_rgmii_m0/CLK       | mac_test0/mac_top0/icmp0/icmp_seq[15]_i_1_n_0                                                                      | mac_test0/mac_top0/udp_tx_data_reg[0]                                                   |                2 |              8 |
|  util_gmii_to_rgmii_m0/CLK       | mac_test0/mac_top0/mac_rx0/arp0/arp_rec_destination_ip_addr[23]_i_1_n_0                                            | mac_test0/mac_top0/udp_tx_data_reg[0]                                                   |                2 |              8 |
|  util_gmii_to_rgmii_m0/CLK       | mac_test0/mac_top0/mac_rx0/arp0/arp_rec_destination_ip_addr[15]_i_1_n_0                                            | mac_test0/mac_top0/udp_tx_data_reg[0]                                                   |                3 |              8 |
|  util_gmii_to_rgmii_m0/CLK       | mac_test0/mac_top0/mac_rx0/arp0/arp_rec_destination_ip_addr18_out                                                  | mac_test0/mac_top0/udp_tx_data_reg[0]                                                   |                2 |              8 |
|  util_gmii_to_rgmii_m0/CLK       | mac_test0/mac_top0/mac_rx0/arp0/arp_rec_destination_ip_addr[7]_i_1_n_0                                             | mac_test0/mac_top0/udp_tx_data_reg[0]                                                   |                1 |              8 |
|  util_gmii_to_rgmii_m0/CLK       | mac_test0/mac_top0/mac_rx0/arp0/arp_rec_op[7]_i_1_n_0                                                              | mac_test0/mac_top0/udp_tx_data_reg[0]                                                   |                3 |              8 |
|  util_gmii_to_rgmii_m0/CLK       | mac_test0/mac_top0/mac_rx0/arp0/arp_rec_destination_mac_addr118_out                                                | mac_test0/mac_top0/udp_tx_data_reg[0]                                                   |                2 |              8 |
|  util_gmii_to_rgmii_m0/CLK       | mac_test0/mac_top0/mac_rx0/arp0/arp_rec_destination_mac_addr[7]_i_1_n_0                                            | mac_test0/mac_top0/udp_tx_data_reg[0]                                                   |                2 |              8 |
|  util_gmii_to_rgmii_m0/CLK       | mac_test0/mac_top0/mac_rx0/arp0/arp_rec_source_mac_addr[7]_i_1_n_0                                                 | mac_test0/mac_top0/udp_tx_data_reg[0]                                                   |                1 |              8 |
|  util_gmii_to_rgmii_m0/CLK       | mac_test0/mac_top0/mac_rx0/arp0/arp_rec_destination_mac_addr[39]_i_1_n_0                                           | mac_test0/mac_top0/udp_tx_data_reg[0]                                                   |                1 |              8 |
|  util_gmii_to_rgmii_m0/CLK       | mac_test0/mac_top0/mac_rx0/arp0/arp_rec_source_mac_addr[23]_i_1_n_0                                                | mac_test0/mac_top0/udp_tx_data_reg[0]                                                   |                2 |              8 |
|  util_gmii_to_rgmii_m0/CLK       | mac_test0/mac_top0/mac_rx0/arp0/arp_rec_destination_mac_addr[23]_i_1_n_0                                           | mac_test0/mac_top0/udp_tx_data_reg[0]                                                   |                2 |              8 |
|  util_gmii_to_rgmii_m0/CLK       | mac_test0/mac_top0/mac_rx0/arp0/arp_rec_source_mac_addr134_out                                                     | mac_test0/mac_top0/udp_tx_data_reg[0]                                                   |                1 |              8 |
|  util_gmii_to_rgmii_m0/CLK       | mac_test0/mac_top0/mac_rx0/arp0/arp_rec_source_ip_addr124_out                                                      | mac_test0/mac_top0/udp_tx_data_reg[0]                                                   |                2 |              8 |
|  util_gmii_to_rgmii_m0/CLK       | mac_test0/mac_top0/mac_rx0/arp0/arp_rec_source_mac_addr[39]_i_1_n_0                                                | mac_test0/mac_top0/udp_tx_data_reg[0]                                                   |                5 |              8 |
|  util_gmii_to_rgmii_m0/CLK       | mac_test0/mac_top0/mac_rx0/arp0/arp_rec_destination_mac_addr[15]_i_1_n_0                                           | mac_test0/mac_top0/udp_tx_data_reg[0]                                                   |                1 |              8 |
|  util_gmii_to_rgmii_m0/CLK       | mac_test0/mac_top0/mac_rx0/arp0/arp_rec_op1                                                                        | mac_test0/mac_top0/udp_tx_data_reg[0]                                                   |                2 |              8 |
|  util_gmii_to_rgmii_m0/CLK       | mac_test0/mac_top0/mac_rx0/arp0/arp_rec_source_mac_addr[31]_i_1_n_0                                                | mac_test0/mac_top0/udp_tx_data_reg[0]                                                   |                1 |              8 |
|  util_gmii_to_rgmii_m0/CLK       | mac_test0/mac_top0/mac_rx0/arp0/arp_rec_source_ip_addr[23]_i_1_n_0                                                 | mac_test0/mac_top0/udp_tx_data_reg[0]                                                   |                2 |              8 |
|  util_gmii_to_rgmii_m0/CLK       | mac_test0/mac_top0/mac_rx0/arp0/arp_rec_destination_mac_addr[31]_i_1_n_0                                           | mac_test0/mac_top0/udp_tx_data_reg[0]                                                   |                2 |              8 |
|  util_gmii_to_rgmii_m0/CLK       | mac_test0/mac_top0/mac_rx0/arp0/arp_rec_source_ip_addr[7]_i_1_n_0                                                  | mac_test0/mac_top0/udp_tx_data_reg[0]                                                   |                3 |              8 |
|  util_gmii_to_rgmii_m0/CLK       | mac_test0/mac_top0/mac_rx0/arp0/arp_rec_source_mac_addr[15]_i_1_n_0                                                | mac_test0/mac_top0/udp_tx_data_reg[0]                                                   |                3 |              8 |
|  util_gmii_to_rgmii_m0/CLK       | mac_test0/mac_top0/mac_rx0/mac0/crc_check[23]                                                                      | mac_test0/mac_top0/udp_tx_data_reg[0]                                                   |                1 |              8 |
|  util_gmii_to_rgmii_m0/CLK       | mac_test0/mac_top0/mac_rx0/mac0/crc_rec[15]                                                                        | mac_test0/mac_top0/udp_tx_data_reg[0]                                                   |                1 |              8 |
|  util_gmii_to_rgmii_m0/CLK       | mac_test0/mac_top0/mac_rx0/mac0/crc_check[7]                                                                       | mac_test0/mac_top0/udp_tx_data_reg[0]                                                   |                1 |              8 |
|  util_gmii_to_rgmii_m0/CLK       | mac_test0/mac_top0/mac_rx0/mac0/crc_rec[23]                                                                        | mac_test0/mac_top0/udp_tx_data_reg[0]                                                   |                1 |              8 |
|  util_gmii_to_rgmii_m0/CLK       | mac_test0/mac_top0/mac_rx0/mac0/crc_rec[31]                                                                        | mac_test0/mac_top0/udp_tx_data_reg[0]                                                   |                1 |              8 |
|  util_gmii_to_rgmii_m0/CLK       | mac_test0/mac_top0/mac_rx0/mac0/crc_rec[7]                                                                         | mac_test0/mac_top0/udp_tx_data_reg[0]                                                   |                2 |              8 |
|  util_gmii_to_rgmii_m0/CLK       | mac_test0/mac_top0/mac_rx0/mac0/crc_check[31]                                                                      | mac_test0/mac_top0/udp_tx_data_reg[0]                                                   |                1 |              8 |
|  util_gmii_to_rgmii_m0/CLK       | mac_test0/mac_top0/mac_rx0/mac0/crc_check[15]                                                                      | mac_test0/mac_top0/udp_tx_data_reg[0]                                                   |                1 |              8 |
|  util_gmii_to_rgmii_m0/CLK       | mac_test0/mac_top0/mac_rx0/mac0/frame_type[3]                                                                      | mac_test0/mac_top0/udp_tx_data_reg[0]                                                   |                3 |              8 |
|  util_gmii_to_rgmii_m0/CLK       | mac_test0/mac_top0/mac_rx0/mac0/frame_type[11]                                                                     | mac_test0/mac_top0/udp_tx_data_reg[0]                                                   |                3 |              8 |
|  util_gmii_to_rgmii_m0/CLK       | mac_test0/mac_top0/mac_rx0/ip0/ip_rec_destination_addr[15]_i_1_n_0                                                 | mac_test0/mac_top0/udp_tx_data_reg[0]                                                   |                1 |              8 |
|  util_gmii_to_rgmii_m0/CLK       | mac_test0/mac_top0/mac_rx0/ip0/ip_rec_destination_addr[31]_i_1_n_0                                                 | mac_test0/mac_top0/udp_tx_data_reg[0]                                                   |                2 |              8 |
|  util_gmii_to_rgmii_m0/CLK       | mac_test0/mac_top0/mac_rx0/ip0/ip_rec_data_length1                                                                 | mac_test0/mac_top0/udp_tx_data_reg[0]                                                   |                3 |              8 |
|  util_gmii_to_rgmii_m0/CLK       | mac_test0/mac_top0/mac_rx0/ip0/ip_rec_data_length[7]_i_1_n_0                                                       | mac_test0/mac_top0/udp_tx_data_reg[0]                                                   |                2 |              8 |
|  util_gmii_to_rgmii_m0/CLK       | mac_test0/mac_top0/mac_rx0/ip0/ip_rec_destination_addr[23]_i_1_n_0                                                 | mac_test0/mac_top0/udp_tx_data_reg[0]                                                   |                2 |              8 |
|  util_gmii_to_rgmii_m0/CLK       | mac_test0/mac_top0/mac_rx0/ip0/ip_rec_destination_addr[7]_i_1_n_0                                                  | mac_test0/mac_top0/udp_tx_data_reg[0]                                                   |                2 |              8 |
|  util_gmii_to_rgmii_m0/CLK       | mac_test0/mac_top0/mac_rx0/ip0/net_protocol0                                                                       | mac_test0/mac_top0/udp_tx_data_reg[0]                                                   |                3 |              8 |
|  util_gmii_to_rgmii_m0/CLK       | mac_test0/mac_top0/mac_rx0/mac0/mac_rx_destination_mac_addr[15]_i_1_n_0                                            | mac_test0/mac_top0/udp_tx_data_reg[0]                                                   |                2 |              8 |
|  util_gmii_to_rgmii_m0/CLK       | mac_test0/mac_top0/mac_rx0/mac0/mac_rx_destination_mac_addr[23]_i_1_n_0                                            | mac_test0/mac_top0/udp_tx_data_reg[0]                                                   |                2 |              8 |
|  util_gmii_to_rgmii_m0/CLK       | mac_test0/mac_top0/mac_rx0/mac0/mac_rx_destination_mac_addr[31]_i_1_n_0                                            | mac_test0/mac_top0/udp_tx_data_reg[0]                                                   |                2 |              8 |
|  util_gmii_to_rgmii_m0/CLK       | mac_test0/mac_top0/mac_rx0/mac0/mac_rx_destination_mac_addr[39]_i_1_n_0                                            | mac_test0/mac_top0/udp_tx_data_reg[0]                                                   |                1 |              8 |
|  util_gmii_to_rgmii_m0/CLK       | mac_test0/mac_top0/mac_rx0/mac0/mac_rx_destination_mac_addr[47]_i_1_n_0                                            | mac_test0/mac_top0/udp_tx_data_reg[0]                                                   |                2 |              8 |
|  util_gmii_to_rgmii_m0/CLK       | mac_test0/mac_top0/mac_rx0/mac0/mac_rx_destination_mac_addr[7]_i_1_n_0                                             | mac_test0/mac_top0/udp_tx_data_reg[0]                                                   |                2 |              8 |
|  util_gmii_to_rgmii_m0/CLK       | mac_test0/mac_top0/mac_rx0/mac0/preamble[31]_i_1_n_0                                                               | mac_test0/mac_top0/udp_tx_data_reg[0]                                                   |                1 |              8 |
|  util_gmii_to_rgmii_m0/CLK       | mac_test0/mac_top0/mac_rx0/mac0/preamble[23]_i_1_n_0                                                               | mac_test0/mac_top0/udp_tx_data_reg[0]                                                   |                2 |              8 |
|  util_gmii_to_rgmii_m0/CLK       | mac_test0/mac_top0/mac_rx0/mac0/preamble[47]_i_1_n_0                                                               | mac_test0/mac_top0/udp_tx_data_reg[0]                                                   |                2 |              8 |
|  util_gmii_to_rgmii_m0/CLK       | mac_test0/mac_top0/mac_rx0/mac0/preamble[7]_i_1_n_0                                                                | mac_test0/mac_top0/udp_tx_data_reg[0]                                                   |                2 |              8 |
|  util_gmii_to_rgmii_m0/CLK       | mac_test0/mac_top0/mac_rx0/mac0/preamble[15]_i_1_n_0                                                               | mac_test0/mac_top0/udp_tx_data_reg[0]                                                   |                2 |              8 |
|  util_gmii_to_rgmii_m0/CLK       | mac_test0/mac_top0/mac_rx0/mac0/preamble[55]_i_1_n_0                                                               | mac_test0/mac_top0/udp_tx_data_reg[0]                                                   |                1 |              8 |
|  util_gmii_to_rgmii_m0/CLK       | mac_test0/mac_top0/mac_rx0/mac0/preamble[39]_i_1_n_0                                                               | mac_test0/mac_top0/udp_tx_data_reg[0]                                                   |                2 |              8 |
|  util_gmii_to_rgmii_m0/CLK       | mac_test0/mac_top0/mac_rx0/mac0/preamble[63]_i_1_n_0                                                               | mac_test0/mac_top0/udp_tx_data_reg[0]                                                   |                2 |              8 |
|  util_gmii_to_rgmii_m0/CLK       | mac_test0/mac_top0/mac_tx0/mac0/mac_tx_data_tmp[7]_i_1_n_0                                                         | mac_test0/mac_top0/udp_tx_data_reg[0]                                                   |                2 |              8 |
|  sys_clk_IBUF_BUFG               |                                                                                                                    | i2c_config_m0/i2c_master_top_m0/byte_controller/bit_controller/fSDA                     |                4 |              8 |
|  sys_clk_IBUF_BUFG               |                                                                                                                    | i2c_config_m1/i2c_master_top_m0/byte_controller/bit_controller/fSDA                     |                4 |              8 |
|  util_gmii_to_rgmii_m0/CLK       | mac_test0/mac_top0/icmp0/p_0_in                                                                                    | mac_test0/mac_top0/udp_tx_data_reg[0]                                                   |                1 |              8 |
|  util_gmii_to_rgmii_m0/CLK       | mac_test0/mac_top0/icmp0/icmp_id[7]_i_1_n_0                                                                        | mac_test0/mac_top0/udp_tx_data_reg[0]                                                   |                3 |              8 |
|  util_gmii_to_rgmii_m0/CLK       | mac_test0/mac_top0/icmp0/icmp_code[7]_i_1_n_0                                                                      | mac_test0/mac_top0/udp_tx_data_reg[0]                                                   |                2 |              8 |
|  sys_clk_IBUF_BUFG               | i2c_config_m1/i2c_master_top_m0/E[0]                                                                               | mac_test0/mac_top0/udp_tx_data_reg[0]                                                   |                6 |             10 |
|  sys_clk_IBUF_BUFG               | i2c_config_m0/i2c_master_top_m0/E[0]                                                                               | mac_test0/mac_top0/udp_tx_data_reg[0]                                                   |                6 |             10 |
|  sys_clk_IBUF_BUFG               | i2c_config_m1/i2c_master_top_m0/byte_controller/dcnt                                                               |                                                                                         |                3 |             11 |
|  sys_clk_IBUF_BUFG               | i2c_config_m0/i2c_master_top_m0/byte_controller/dcnt                                                               |                                                                                         |                4 |             11 |
|  util_gmii_to_rgmii_m0/CLK       |                                                                                                                    | camera_fifo_inst/U0/inst_fifo_gen/gconvfifo.rf/grf.rf/rstblk/rd_rst_busy                |                4 |             14 |
|  util_gmii_to_rgmii_m0/CLK       | mac_test0/mac_top0/mac_tx0/ip0/checksum_tmp4[0]                                                                    | mac_test0/mac_top0/udp_tx_data_reg[0]                                                   |                7 |             16 |
|  util_gmii_to_rgmii_m0/CLK       | mac_test0/identify_code[0]_i_1_n_0                                                                                 | mac_test0/mac_top0/udp_tx_data_reg[0]                                                   |                4 |             16 |
|  util_gmii_to_rgmii_m0/CLK       | mac_test0/identify_code_d0                                                                                         | mac_test0/mac_top0/udp_tx_data_reg[0]                                                   |                4 |             16 |
|  util_gmii_to_rgmii_m0/CLK       | mac_test0/mac_top0/mac_rx0/ip0/check_out[15]_i_1__0_n_0                                                            | mac_test0/mac_top0/udp_tx_data_reg[0]                                                   |                4 |             16 |
|  sys_clk_IBUF_BUFG               | cmos_select_inst/key_counter[0]_i_1_n_0                                                                            | mac_test0/mac_top0/udp_tx_data_reg[0]                                                   |                4 |             16 |
|  util_gmii_to_rgmii_m0/CLK       | mac_test0/mac_top0/mac_rx0/ip0/ip_total_data_length[15]_i_1_n_0                                                    | mac_test0/mac_top0/udp_tx_data_reg[0]                                                   |                6 |             16 |
|  util_gmii_to_rgmii_m0/CLK       | mac_test0/mac_top0/icmp0/reply_checkout_buf                                                                        | mac_test0/mac_top0/udp_tx_data_reg[0]                                                   |                4 |             16 |
|  util_gmii_to_rgmii_m0/CLK       | mac_test0/mac_top0/icmp0/icmp_data_length                                                                          | mac_test0/mac_top0/udp_tx_data_reg[0]                                                   |                7 |             16 |
|  sys_clk_IBUF_BUFG               | i2c_config_m0/i2c_master_top_m0/byte_controller/bit_controller/cnt[15]_i_2_n_0                                     | i2c_config_m0/i2c_master_top_m0/byte_controller/bit_controller/cnt[15]_i_1_n_0          |                4 |             16 |
|  sys_clk_IBUF_BUFG               | i2c_config_m1/i2c_master_top_m0/byte_controller/bit_controller/cnt[15]_i_2__0_n_0                                  | i2c_config_m1/i2c_master_top_m0/byte_controller/bit_controller/cnt[15]_i_1__0_n_0       |                4 |             16 |
|  util_gmii_to_rgmii_m0/CLK       | miim_top_m0/miim_control_inst/poll_wait_counter[23]_i_2_n_0                                                        | miim_top_m0/miim_control_inst/poll_wait_counter[23]_i_1_n_0                             |                6 |             23 |
|  util_gmii_to_rgmii_m0/CLK       | camera_fifo_inst/U0/inst_fifo_gen/gconvfifo.rf/grf.rf/gntv_or_sync_fifo.gl0.rd/gras.rsts/E[0]                      | camera_fifo_inst/U0/inst_fifo_gen/gconvfifo.rf/grf.rf/rstblk/rd_rst_busy                |                4 |             24 |
|  util_gmii_to_rgmii_m0/CLK       | mac_test0/mac_top0/mac_tx0/mac0/E[0]                                                                               | mac_test0/mac_top0/udp_tx_data_reg[0]                                                   |                9 |             32 |
|  util_gmii_to_rgmii_m0/CLK       | mac_test0/mac_top0/mac_tx0/mac0/E[0]                                                                               | mac_test0/mac_top0/mac_tx0/mac0/AS[0]                                                   |                8 |             32 |
|  util_gmii_to_rgmii_m0/CLK       | mac_test0/mac_top0/mac_rx0/mac0/E[0]                                                                               | mac_test0/mac_top0/udp_tx_data_reg[0]                                                   |                6 |             32 |
|  util_gmii_to_rgmii_m0/CLK       | mac_test0/mac_top0/mac_rx0/mac0/E[0]                                                                               | mac_test0/mac_top0/mac_rx0/mac0/AS[0]                                                   |                9 |             32 |
|  util_gmii_to_rgmii_m0/CLK       | mac_test0/mac_top0/icmp0/reply_checksum_tmp                                                                        | mac_test0/mac_top0/udp_tx_data_reg[0]                                                   |               10 |             32 |
|  util_gmii_to_rgmii_m0/CLK       | mac_test0/mac_top0/mac_rx0/ip0/checksum_tmp0                                                                       | mac_test0/mac_top0/udp_tx_data_reg[0]                                                   |                8 |             32 |
|  util_gmii_to_rgmii_m0/CLK       | mac_test0/mac_top0/icmp0/checksum_tmp[31]_i_1__0_n_0                                                               | mac_test0/mac_top0/udp_tx_data_reg[0]                                                   |               10 |             32 |
|  util_gmii_to_rgmii_m0/CLK       | mac_test0/mac_top0/icmp0/check_out                                                                                 | mac_test0/mac_top0/udp_tx_data_reg[0]                                                   |                5 |             34 |
|  sys_clk_IBUF_BUFG               |                                                                                                                    |                                                                                         |               25 |             35 |
|  cmos_select_inst/cmos_pclk_BUFG | camera_fifo_inst/U0/inst_fifo_gen/gconvfifo.rf/grf.rf/gntv_or_sync_fifo.gl0.wr/gwas.wsts/gic0.gc0.count_d1_reg[11] | camera_fifo_inst/U0/inst_fifo_gen/gconvfifo.rf/grf.rf/rstblk/syncstages_ff_reg[0]       |                7 |             36 |
|  util_gmii_to_rgmii_m0/CLK       | mac_test0/mac_top0/mac_rx0/arp0/arp_cache_reg[79]                                                                  | mac_test0/mac_top0/udp_tx_data_reg[0]                                                   |               14 |             80 |
|  util_gmii_to_rgmii_m0/CLK       | mac_test0/mac_top0/mac_tx0/arp_tx0/arp_tx_ready0                                                                   | mac_test0/mac_top0/udp_tx_data_reg[0]                                                   |               20 |             80 |
|  cmos_select_inst/cmos_pclk_BUFG |                                                                                                                    |                                                                                         |               24 |             90 |
|  sys_clk_IBUF_BUFG               |                                                                                                                    | mac_test0/mac_top0/udp_tx_data_reg[0]                                                   |               41 |            100 |
|  util_gmii_to_rgmii_m0/CLK       |                                                                                                                    |                                                                                         |               35 |            107 |
|  util_gmii_to_rgmii_m0/CLK       | mac_test0/mac_top0/mac_tx0/ip0/checksum_tmp2[4]_i_1_n_0                                                            | mac_test0/mac_top0/udp_tx_data_reg[0]                                                   |               22 |            128 |
|  util_gmii_to_rgmii_m0/CLK       |                                                                                                                    | mac_test0/mac_top0/udp_tx_data_reg[0]                                                   |              265 |            813 |
+----------------------------------+--------------------------------------------------------------------------------------------------------------------+-----------------------------------------------------------------------------------------+------------------+----------------+


+--------+-----------------------+
| Fanout | Number of ControlSets |
+--------+-----------------------+
| 2      |                     1 |
| 3      |                     1 |
| 4      |                     9 |
| 5      |                     5 |
| 6      |                     5 |
| 8      |                    61 |
| 10     |                     2 |
| 11     |                     2 |
| 14     |                     1 |
| 16+    |                    29 |
+--------+-----------------------+


